added H
added H
added H
added H
added H
added H
added H
added H
added H
added H
added C
added C
added C
added C
Saturating orbit : [C] [0, 1, 2, 3]
first atom 0
saturating atom 0 in C0C1C2C3H4H5H6H7H8H9H10H11H12H13 { } 
Orbits : [[C] [0, 1, 2, 3], [H] [4, 5, 6, 7, 8, 9, 10, 11, 12, 13]]
trying all of [0, 4]
bonding 0 and 4 (C-H)
C0C1C2C3H4H5H6H7H8H9H10H11H12H13 { 0-4(1) }  is canonical?true
passed all tests
saturating atom 0 in C0C1C2C3H4H5H6H7H8H9H10H11H12H13 { 0-4(1) } 
Orbits : [[C]([H]) [0], [C] [1, 2, 3], [H]([C]) [4], [H] [5, 6, 7, 8, 9, 10, 11, 12, 13]]
trying all of [0, 1, 5]
bonding 0 and 1 (C-C)
C0C1C2C3H4H5H6H7H8H9H10H11H12H13 { 0-4(1) 0-1(1) }  is canonical?true
passed all tests
saturating atom 0 in C0C1C2C3H4H5H6H7H8H9H10H11H12H13 { 0-4(1) 0-1(1) } 
Orbits : [[C]([C][H]) [0], [C]([C]([H])) [1], [C] [2, 3], [H]([C]([C])) [4], [H] [5, 6, 7, 8, 9, 10, 11, 12, 13]]
trying all of [0, 1, 2, 5]
bonding 0 and 1 (C-C)
C0C1C2C3H4H5H6H7H8H9H10H11H12H13 { 0-4(1) 0-1(2) }  is canonical?true
passed all tests
saturating atom 0 in C0C1C2C3H4H5H6H7H8H9H10H11H12H13 { 0-4(1) 0-1(2) } 
Orbits : [[C](=[C][H]) [0], [C](=[C]([H])) [1], [C] [2, 3], [H]([C](=[C])) [4], [H] [5, 6, 7, 8, 9, 10, 11, 12, 13]]
trying all of [0, 1, 2, 5]
bonding 0 and 1 (C-C)
C0C1C2C3H4H5H6H7H8H9H10H11H12H13 { 0-4(1) 0-1(3) }  is canonical?true
passed all tests
saturating atom 0 in C0C1C2C3H4H5H6H7H8H9H10H11H12H13 { 0-4(1) 0-1(3) } 
0 is already saturated
bonding 0 and 2 (C-C)
C0C1C2C3H4H5H6H7H8H9H10H11H12H13 { 0-4(1) 0-1(2) 0-2(1) }  is canonical?true
passed all tests
saturating atom 0 in C0C1C2C3H4H5H6H7H8H9H10H11H12H13 { 0-4(1) 0-1(2) 0-2(1) } 
0 is already saturated
bonding 0 and 5 (C-H)
C0C1C2C3H4H5H6H7H8H9H10H11H12H13 { 0-4(1) 0-1(2) 0-5(1) }  is canonical?true
passed all tests
saturating atom 0 in C0C1C2C3H4H5H6H7H8H9H10H11H12H13 { 0-4(1) 0-1(2) 0-5(1) } 
0 is already saturated
bonding 0 and 2 (C-C)
C0C1C2C3H4H5H6H7H8H9H10H11H12H13 { 0-4(1) 0-1(1) 0-2(1) }  is canonical?true
passed all tests
saturating atom 0 in C0C1C2C3H4H5H6H7H8H9H10H11H12H13 { 0-4(1) 0-1(1) 0-2(1) } 
Orbits : [[C]([C][C][H]) [0], [C]([C]([C][H])) [1, 2], [C] [3], [H]([C]([C][C])) [4], [H] [5, 6, 7, 8, 9, 10, 11, 12, 13]]
trying all of [0, 1, 3, 5]
bonding 0 and 1 (C-C)
C0C1C2C3H4H5H6H7H8H9H10H11H12H13 { 0-4(1) 0-1(2) 0-2(1) }  is canonical?true
passed all tests
saturating atom 0 in C0C1C2C3H4H5H6H7H8H9H10H11H12H13 { 0-4(1) 0-1(2) 0-2(1) } 
0 is already saturated
bonding 0 and 3 (C-C)
C0C1C2C3H4H5H6H7H8H9H10H11H12H13 { 0-4(1) 0-1(1) 0-2(1) 0-3(1) }  is canonical?true
passed all tests
saturating atom 0 in C0C1C2C3H4H5H6H7H8H9H10H11H12H13 { 0-4(1) 0-1(1) 0-2(1) 0-3(1) } 
0 is already saturated
bonding 0 and 5 (C-H)
C0C1C2C3H4H5H6H7H8H9H10H11H12H13 { 0-4(1) 0-1(1) 0-2(1) 0-5(1) }  is canonical?true
passed all tests
saturating atom 0 in C0C1C2C3H4H5H6H7H8H9H10H11H12H13 { 0-4(1) 0-1(1) 0-2(1) 0-5(1) } 
0 is already saturated
bonding 0 and 5 (C-H)
C0C1C2C3H4H5H6H7H8H9H10H11H12H13 { 0-4(1) 0-1(1) 0-5(1) }  is canonical?true
passed all tests
saturating atom 0 in C0C1C2C3H4H5H6H7H8H9H10H11H12H13 { 0-4(1) 0-1(1) 0-5(1) } 
Orbits : [[C]([C][H][H]) [0], [C]([C]([H][H])) [1], [C] [2, 3], [H]([C]([C][H])) [4, 5], [H] [6, 7, 8, 9, 10, 11, 12, 13]]
trying all of [0, 1, 2, 6]
bonding 0 and 1 (C-C)
C0C1C2C3H4H5H6H7H8H9H10H11H12H13 { 0-4(1) 0-1(2) 0-5(1) }  is canonical?true
passed all tests
saturating atom 0 in C0C1C2C3H4H5H6H7H8H9H10H11H12H13 { 0-4(1) 0-1(2) 0-5(1) } 
0 is already saturated
bonding 0 and 2 (C-C)
C0C1C2C3H4H5H6H7H8H9H10H11H12H13 { 0-4(1) 0-1(1) 0-5(1) 0-2(1) }  is canonical?true
passed all tests
saturating atom 0 in C0C1C2C3H4H5H6H7H8H9H10H11H12H13 { 0-4(1) 0-1(1) 0-5(1) 0-2(1) } 
0 is already saturated
bonding 0 and 6 (C-H)
C0C1C2C3H4H5H6H7H8H9H10H11H12H13 { 0-4(1) 0-1(1) 0-5(1) 0-6(1) }  is canonical?true
passed all tests
saturating atom 0 in C0C1C2C3H4H5H6H7H8H9H10H11H12H13 { 0-4(1) 0-1(1) 0-5(1) 0-6(1) } 
0 is already saturated
bonding 0 and 5 (C-H)
C0C1C2C3H4H5H6H7H8H9H10H11H12H13 { 0-4(1) 0-5(1) }  is canonical?true
passed all tests
saturating atom 0 in C0C1C2C3H4H5H6H7H8H9H10H11H12H13 { 0-4(1) 0-5(1) } 
Orbits : [[C]([H][H]) [0], [C] [1, 2, 3], [H]([C]([H])) [4, 5], [H] [6, 7, 8, 9, 10, 11, 12, 13]]
trying all of [0, 1, 6]
bonding 0 and 1 (C-C)
C0C1C2C3H4H5H6H7H8H9H10H11H12H13 { 0-4(1) 0-5(1) 0-1(1) }  is canonical?true
passed all tests
saturating atom 0 in C0C1C2C3H4H5H6H7H8H9H10H11H12H13 { 0-4(1) 0-5(1) 0-1(1) } 
Orbits : [[C]([C][H][H]) [0], [C]([C]([H][H])) [1], [C] [2, 3], [H]([C]([C][H])) [4, 5], [H] [6, 7, 8, 9, 10, 11, 12, 13]]
trying all of [0, 1, 2, 6]
bonding 0 and 1 (C-C)
C0C1C2C3H4H5H6H7H8H9H10H11H12H13 { 0-4(1) 0-5(1) 0-1(2) }  is canonical?true
passed all tests
saturating atom 0 in C0C1C2C3H4H5H6H7H8H9H10H11H12H13 { 0-4(1) 0-5(1) 0-1(2) } 
0 is already saturated
bonding 0 and 2 (C-C)
C0C1C2C3H4H5H6H7H8H9H10H11H12H13 { 0-4(1) 0-5(1) 0-1(1) 0-2(1) }  is canonical?true
passed all tests
saturating atom 0 in C0C1C2C3H4H5H6H7H8H9H10H11H12H13 { 0-4(1) 0-5(1) 0-1(1) 0-2(1) } 
0 is already saturated
bonding 0 and 6 (C-H)
C0C1C2C3H4H5H6H7H8H9H10H11H12H13 { 0-4(1) 0-5(1) 0-1(1) 0-6(1) }  is canonical?true
passed all tests
saturating atom 0 in C0C1C2C3H4H5H6H7H8H9H10H11H12H13 { 0-4(1) 0-5(1) 0-1(1) 0-6(1) } 
0 is already saturated
bonding 0 and 6 (C-H)
C0C1C2C3H4H5H6H7H8H9H10H11H12H13 { 0-4(1) 0-5(1) 0-6(1) }  is canonical?true
passed all tests
saturating atom 0 in C0C1C2C3H4H5H6H7H8H9H10H11H12H13 { 0-4(1) 0-5(1) 0-6(1) } 
Orbits : [[C]([H][H][H]) [0], [C] [1, 2, 3], [H]([C]([H][H])) [4, 5, 6], [H] [7, 8, 9, 10, 11, 12, 13]]
trying all of [0, 1, 7]
bonding 0 and 1 (C-C)
C0C1C2C3H4H5H6H7H8H9H10H11H12H13 { 0-4(1) 0-5(1) 0-6(1) 0-1(1) }  is canonical?true
passed all tests
saturating atom 0 in C0C1C2C3H4H5H6H7H8H9H10H11H12H13 { 0-4(1) 0-5(1) 0-6(1) 0-1(1) } 
0 is already saturated
bonding 0 and 7 (C-H)
C0C1C2C3H4H5H6H7H8H9H10H11H12H13 { 0-4(1) 0-5(1) 0-6(1) 0-7(1) }  is canonical?true
passed all tests
saturating atom 0 in C0C1C2C3H4H5H6H7H8H9H10H11H12H13 { 0-4(1) 0-5(1) 0-6(1) 0-7(1) } 
0 is already saturated
Saturating orbit : [C] [1, 2, 3]
first atom 1
saturating atom 1 in C0C1C2C3H4H5H6H7H8H9H10H11H12H13 { 0-4(1) 0-1(3) } 
Orbits : [[C](#[C][H]) [0], [C](#[C]([H])) [1], [C] [2, 3], [H]([C](#[C])) [4], [H] [5, 6, 7, 8, 9, 10, 11, 12, 13]]
trying all of [1, 2, 5]
bonding 1 and 2 (C-C)
C0C1C2C3H4H5H6H7H8H9H10H11H12H13 { 0-4(1) 0-1(3) 1-2(1) }  is canonical?false
bonding 1 and 5 (C-H)
C0C1C2C3H4H5H6H7H8H9H10H11H12H13 { 0-4(1) 0-1(3) 1-5(1) }  is canonical?true
passed all tests
saturating atom 1 in C0C1C2C3H4H5H6H7H8H9H10H11H12H13 { 0-4(1) 0-1(3) 1-5(1) } 
1 is already saturated
Saturating orbit : [C] [2, 3]
first atom 2
saturating atom 2 in C0C1C2C3H4H5H6H7H8H9H10H11H12H13 { 0-4(1) 0-1(3) 1-5(1) } 
Orbits : [[C](#[C]([H])[H]) [0, 1], [C] [2, 3], [H]([C](#[C]([H]))) [4, 5], [H] [6, 7, 8, 9, 10, 11, 12, 13]]
trying all of [2, 6]
bonding 2 and 6 (C-H)
C0C1C2C3H4H5H6H7H8H9H10H11H12H13 { 0-4(1) 0-1(3) 1-5(1) 2-6(1) }  is canonical?false
Saturating orbit : [C] [3]
first atom 3
saturating atom 3 in C0C1C2C3H4H5H6H7H8H9H10H11H12H13 { 0-4(1) 0-1(2) 0-2(1) } 
Orbits : [[C](=[C][C][H]) [0], [C](=[C]([C][H])) [1], [C]([C](=[C][H])) [2], [C] [3], [H]([C](=[C][C])) [4], [H] [5, 6, 7, 8, 9, 10, 11, 12, 13]]
trying all of [1, 2, 3, 5]
bonding 3 and 1 (C-C)
C0C1C2C3H4H5H6H7H8H9H10H11H12H13 { 0-4(1) 0-1(2) 0-2(1) 1-3(1) }  is canonical?false
bonding 3 and 2 (C-C)
C0C1C2C3H4H5H6H7H8H9H10H11H12H13 { 0-4(1) 0-1(2) 0-2(1) 2-3(1) }  is canonical?false
bonding 3 and 5 (C-H)
C0C1C2C3H4H5H6H7H8H9H10H11H12H13 { 0-4(1) 0-1(2) 0-2(1) 3-5(1) }  is canonical?false
Saturating orbit : [C] []
orbit empty
Saturating orbit : [C] []
orbit empty
Saturating orbit : [C] []
orbit empty
Saturating orbit : [C] []
orbit empty
Saturating orbit : [C] []
orbit empty
Saturating orbit : [C] []
orbit empty
Saturating orbit : [C] []
orbit empty
Saturating orbit : [C] []
orbit empty
Saturating orbit : [C] []
orbit empty
Saturating orbit : [C] []
orbit empty
Saturating orbit : [C] []
orbit empty
Saturating orbit : [C] []
orbit empty
Saturating orbit : [C](=[C]([H][H])) [1]
first atom 1
saturating atom 1 in C0C1C2C3H4H5H6H7H8H9H10H11H12H13 { 0-4(1) 0-1(2) 0-5(1) } 
Orbits : [[C](=[C][H][H]) [0], [C](=[C]([H][H])) [1], [C] [2, 3], [H]([C](=[C][H])) [4, 5], [H] [6, 7, 8, 9, 10, 11, 12, 13]]
trying all of [1, 2, 6]
bonding 1 and 2 (C-C)
C0C1C2C3H4H5H6H7H8H9H10H11H12H13 { 0-4(1) 0-1(2) 0-5(1) 1-2(1) }  is canonical?false
bonding 1 and 6 (C-H)
C0C1C2C3H4H5H6H7H8H9H10H11H12H13 { 0-4(1) 0-1(2) 0-5(1) 1-6(1) }  is canonical?true
passed all tests
saturating atom 1 in C0C1C2C3H4H5H6H7H8H9H10H11H12H13 { 0-4(1) 0-1(2) 0-5(1) 1-6(1) } 
Orbits : [[C](=[C]([H])[H][H]) [0], [C](=[C]([H][H])[H]) [1], [C] [2, 3], [H]([C](=[C]([H])[H])) [4, 5], [H]([C](=[C]([H][H]))) [6], [H] [7, 8, 9, 10, 11, 12, 13]]
trying all of [1, 2, 7]
bonding 1 and 2 (C-C)
C0C1C2C3H4H5H6H7H8H9H10H11H12H13 { 0-4(1) 0-1(2) 0-5(1) 1-6(1) 1-2(1) }  is canonical?false
bonding 1 and 7 (C-H)
C0C1C2C3H4H5H6H7H8H9H10H11H12H13 { 0-4(1) 0-1(2) 0-5(1) 1-6(1) 1-7(1) }  is canonical?true
passed all tests
saturating atom 1 in C0C1C2C3H4H5H6H7H8H9H10H11H12H13 { 0-4(1) 0-1(2) 0-5(1) 1-6(1) 1-7(1) } 
1 is already saturated
Saturating orbit : [C](=[C]([H][H])) []
orbit empty
Saturating orbit : [C] [2, 3]
first atom 2
saturating atom 2 in C0C1C2C3H4H5H6H7H8H9H10H11H12H13 { 0-4(1) 0-1(2) 0-5(1) 1-6(1) 1-7(1) } 
Orbits : [[C](=[C]([H][H])[H][H]) [0, 1], [C] [2, 3], [H]([C](=[C]([H][H])[H])) [4, 5, 6, 7], [H] [8, 9, 10, 11, 12, 13]]
trying all of [2, 8]
bonding 2 and 8 (C-H)
C0C1C2C3H4H5H6H7H8H9H10H11H12H13 { 0-4(1) 0-1(2) 0-5(1) 1-6(1) 1-7(1) 2-8(1) }  is canonical?false
Saturating orbit : [C](=[C]([C][H])) [1]
first atom 1
saturating atom 1 in C0C1C2C3H4H5H6H7H8H9H10H11H12H13 { 0-4(1) 0-1(2) 0-2(1) } 
Orbits : [[C](=[C][C][H]) [0], [C](=[C]([C][H])) [1], [C]([C](=[C][H])) [2], [C] [3], [H]([C](=[C][C])) [4], [H] [5, 6, 7, 8, 9, 10, 11, 12, 13]]
trying all of [1, 2, 3, 5]
bonding 1 and 2 (C-C)
C0C1C2C3H4H5H6H7H8H9H10H11H12H13 { 0-4(1) 0-1(2) 0-2(1) 1-2(1) }  is canonical?true
passed all tests
saturating atom 1 in C0C1C2C3H4H5H6H7H8H9H10H11H12H13 { 0-4(1) 0-1(2) 0-2(1) 1-2(1) } 
Orbits : [[C]([C,2]([C,1])=[C,1][H]) [0], [C]([C,1]([C,2])=[C,2]([H])) [1], [C]([C,1](=[C,2])[C,2]([H])) [2], [C] [3], [H]([C]([C,2]([C,1])=[C,1])) [4], [H] [5, 6, 7, 8, 9, 10, 11, 12, 13]]
trying all of [1, 2, 3, 5]
bonding 1 and 2 (C-C)
C0C1C2C3H4H5H6H7H8H9H10H11H12H13 { 0-4(1) 0-1(2) 0-2(1) 1-2(2) }  is canonical?true
passed all tests
saturating atom 1 in C0C1C2C3H4H5H6H7H8H9H10H11H12H13 { 0-4(1) 0-1(2) 0-2(1) 1-2(2) } 
1 is already saturated
bonding 1 and 3 (C-C)
C0C1C2C3H4H5H6H7H8H9H10H11H12H13 { 0-4(1) 0-1(2) 0-2(1) 1-2(1) 1-3(1) }  is canonical?false
bonding 1 and 5 (C-H)
C0C1C2C3H4H5H6H7H8H9H10H11H12H13 { 0-4(1) 0-1(2) 0-2(1) 1-2(1) 1-5(1) }  is canonical?true
passed all tests
saturating atom 1 in C0C1C2C3H4H5H6H7H8H9H10H11H12H13 { 0-4(1) 0-1(2) 0-2(1) 1-2(1) 1-5(1) } 
1 is already saturated
bonding 1 and 3 (C-C)
C0C1C2C3H4H5H6H7H8H9H10H11H12H13 { 0-4(1) 0-1(2) 0-2(1) 1-3(1) }  is canonical?false
bonding 1 and 5 (C-H)
C0C1C2C3H4H5H6H7H8H9H10H11H12H13 { 0-4(1) 0-1(2) 0-2(1) 1-5(1) }  is canonical?true
passed all tests
saturating atom 1 in C0C1C2C3H4H5H6H7H8H9H10H11H12H13 { 0-4(1) 0-1(2) 0-2(1) 1-5(1) } 
Orbits : [[C]([C]=[C]([H])[H]) [0], [C](=[C]([C][H])[H]) [1], [C]([C](=[C]([H])[H])) [2], [C] [3], [H]([C]([C]=[C]([H]))) [4], [H]([C](=[C]([C][H]))) [5], [H] [6, 7, 8, 9, 10, 11, 12, 13]]
trying all of [1, 2, 3, 6]
bonding 1 and 2 (C-C)
C0C1C2C3H4H5H6H7H8H9H10H11H12H13 { 0-4(1) 0-1(2) 0-2(1) 1-5(1) 1-2(1) }  is canonical?true
passed all tests
saturating atom 1 in C0C1C2C3H4H5H6H7H8H9H10H11H12H13 { 0-4(1) 0-1(2) 0-2(1) 1-5(1) 1-2(1) } 
1 is already saturated
bonding 1 and 3 (C-C)
C0C1C2C3H4H5H6H7H8H9H10H11H12H13 { 0-4(1) 0-1(2) 0-2(1) 1-5(1) 1-3(1) }  is canonical?false
bonding 1 and 6 (C-H)
C0C1C2C3H4H5H6H7H8H9H10H11H12H13 { 0-4(1) 0-1(2) 0-2(1) 1-5(1) 1-6(1) }  is canonical?true
passed all tests
saturating atom 1 in C0C1C2C3H4H5H6H7H8H9H10H11H12H13 { 0-4(1) 0-1(2) 0-2(1) 1-5(1) 1-6(1) } 
1 is already saturated
Saturating orbit : [C](=[C]([C][H])) []
orbit empty
Saturating orbit : [C](=[C]([C][H])) []
orbit empty
Saturating orbit : [C](=[C]([C][H])) []
orbit empty
Saturating orbit : [C](=[C]([C][H])) []
orbit empty
Saturating orbit : [C](=[C,1](=[C,2])[C,2]([H])) [2]
first atom 2
saturating atom 2 in C0C1C2C3H4H5H6H7H8H9H10H11H12H13 { 0-4(1) 0-1(2) 0-2(1) 1-2(2) } 
Orbits : [[C]([C,2](=[C,1])=[C,1][H]) [0], [C](=[C,1]([C,2])=[C,2]([H])) [1], [C](=[C,1](=[C,2])[C,2]([H])) [2], [C] [3], [H]([C]([C,2](=[C,1])=[C,1])) [4], [H] [5, 6, 7, 8, 9, 10, 11, 12, 13]]
trying all of [2, 3, 5]
bonding 2 and 3 (C-C)
C0C1C2C3H4H5H6H7H8H9H10H11H12H13 { 0-4(1) 0-1(2) 0-2(1) 1-2(2) 2-3(1) }  is canonical?false
bonding 2 and 5 (C-H)
C0C1C2C3H4H5H6H7H8H9H10H11H12H13 { 0-4(1) 0-1(2) 0-2(1) 1-2(2) 2-5(1) }  is canonical?false
Saturating orbit : [C]([C,2](=[C,1][H])[C,1]([H])) [2]
first atom 2
saturating atom 2 in C0C1C2C3H4H5H6H7H8H9H10H11H12H13 { 0-4(1) 0-1(2) 0-2(1) 1-2(1) 1-5(1) } 
Orbits : [[C]([C,1]([C,2])=[C,2]([H])[H]) [0, 1], [C]([C,2](=[C,1][H])[C,1]([H])) [2], [C] [3], [H]([C]([C,1]([C,2])=[C,2]([H]))) [4, 5], [H] [6, 7, 8, 9, 10, 11, 12, 13]]
trying all of [2, 3, 6]
bonding 2 and 3 (C-C)
C0C1C2C3H4H5H6H7H8H9H10H11H12H13 { 0-4(1) 0-1(2) 0-2(1) 1-2(1) 1-5(1) 2-3(1) }  is canonical?false
bonding 2 and 6 (C-H)
C0C1C2C3H4H5H6H7H8H9H10H11H12H13 { 0-4(1) 0-1(2) 0-2(1) 1-2(1) 1-5(1) 2-6(1) }  is canonical?true
passed all tests
saturating atom 2 in C0C1C2C3H4H5H6H7H8H9H10H11H12H13 { 0-4(1) 0-1(2) 0-2(1) 1-2(1) 1-5(1) 2-6(1) } 
Orbits : [[C]([C,2]([C,1][H])=[C,1]([H])[H]) [0, 1], [C]([C,2](=[C,1][H])[C,1]([H])[H]) [2], [C] [3], [H]([C]([C,2]([C,1][H])=[C,1]([H]))) [4, 5], [H]([C]([C,2](=[C,1][H])[C,1]([H]))) [6], [H] [7, 8, 9, 10, 11, 12, 13]]
trying all of [2, 3, 7]
bonding 2 and 3 (C-C)
C0C1C2C3H4H5H6H7H8H9H10H11H12H13 { 0-4(1) 0-1(2) 0-2(1) 1-2(1) 1-5(1) 2-6(1) 2-3(1) }  is canonical?false
bonding 2 and 7 (C-H)
C0C1C2C3H4H5H6H7H8H9H10H11H12H13 { 0-4(1) 0-1(2) 0-2(1) 1-2(1) 1-5(1) 2-6(1) 2-7(1) }  is canonical?false
Saturating orbit : [C]([C,2](=[C,1][H])[C,1]([H])) [2]
first atom 2
saturating atom 2 in C0C1C2C3H4H5H6H7H8H9H10H11H12H13 { 0-4(1) 0-1(2) 0-2(1) 1-5(1) 1-2(1) } 
Orbits : [[C]([C,1]([C,2])=[C,2]([H])[H]) [0, 1], [C]([C,2](=[C,1][H])[C,1]([H])) [2], [C] [3], [H]([C]([C,1]([C,2])=[C,2]([H]))) [4, 5], [H] [6, 7, 8, 9, 10, 11, 12, 13]]
trying all of [2, 3, 6]
bonding 2 and 3 (C-C)
C0C1C2C3H4H5H6H7H8H9H10H11H12H13 { 0-4(1) 0-1(2) 0-2(1) 1-5(1) 1-2(1) 2-3(1) }  is canonical?false
bonding 2 and 6 (C-H)
C0C1C2C3H4H5H6H7H8H9H10H11H12H13 { 0-4(1) 0-1(2) 0-2(1) 1-5(1) 1-2(1) 2-6(1) }  is canonical?true
passed all tests
saturating atom 2 in C0C1C2C3H4H5H6H7H8H9H10H11H12H13 { 0-4(1) 0-1(2) 0-2(1) 1-5(1) 1-2(1) 2-6(1) } 
Orbits : [[C]([C,2]([C,1][H])=[C,1]([H])[H]) [0, 1], [C]([C,2](=[C,1][H])[C,1]([H])[H]) [2], [C] [3], [H]([C]([C,2]([C,1][H])=[C,1]([H]))) [4, 5], [H]([C]([C,2](=[C,1][H])[C,1]([H]))) [6], [H] [7, 8, 9, 10, 11, 12, 13]]
trying all of [2, 3, 7]
bonding 2 and 3 (C-C)
C0C1C2C3H4H5H6H7H8H9H10H11H12H13 { 0-4(1) 0-1(2) 0-2(1) 1-5(1) 1-2(1) 2-6(1) 2-3(1) }  is canonical?false
bonding 2 and 7 (C-H)
C0C1C2C3H4H5H6H7H8H9H10H11H12H13 { 0-4(1) 0-1(2) 0-2(1) 1-5(1) 1-2(1) 2-6(1) 2-7(1) }  is canonical?false
Saturating orbit : [C]([C](=[C]([H][H])[H])) [2]
first atom 2
saturating atom 2 in C0C1C2C3H4H5H6H7H8H9H10H11H12H13 { 0-4(1) 0-1(2) 0-2(1) 1-5(1) 1-6(1) } 
Orbits : [[C]([C]=[C]([H][H])[H]) [0], [C](=[C]([C][H])[H][H]) [1], [C]([C](=[C]([H][H])[H])) [2], [C] [3], [H]([C]([C]=[C]([H][H]))) [4], [H]([C](=[C]([C][H])[H])) [5, 6], [H] [7, 8, 9, 10, 11, 12, 13]]
trying all of [2, 3, 7]
bonding 2 and 3 (C-C)
C0C1C2C3H4H5H6H7H8H9H10H11H12H13 { 0-4(1) 0-1(2) 0-2(1) 1-5(1) 1-6(1) 2-3(1) }  is canonical?false
bonding 2 and 7 (C-H)
C0C1C2C3H4H5H6H7H8H9H10H11H12H13 { 0-4(1) 0-1(2) 0-2(1) 1-5(1) 1-6(1) 2-7(1) }  is canonical?true
passed all tests
saturating atom 2 in C0C1C2C3H4H5H6H7H8H9H10H11H12H13 { 0-4(1) 0-1(2) 0-2(1) 1-5(1) 1-6(1) 2-7(1) } 
Orbits : [[C]([C]([H])=[C]([H][H])[H]) [0], [C](=[C]([C]([H])[H])[H][H]) [1], [C]([C](=[C]([H][H])[H])[H]) [2], [C] [3], [H]([C]([C]([H])=[C]([H][H]))) [4], [H]([C](=[C]([C]([H])[H])[H])) [5, 6], [H]([C]([C](=[C]([H][H])[H]))) [7], [H] [8, 9, 10, 11, 12, 13]]
trying all of [2, 3, 8]
bonding 2 and 3 (C-C)
C0C1C2C3H4H5H6H7H8H9H10H11H12H13 { 0-4(1) 0-1(2) 0-2(1) 1-5(1) 1-6(1) 2-7(1) 2-3(1) }  is canonical?false
bonding 2 and 8 (C-H)
C0C1C2C3H4H5H6H7H8H9H10H11H12H13 { 0-4(1) 0-1(2) 0-2(1) 1-5(1) 1-6(1) 2-7(1) 2-8(1) }  is canonical?true
passed all tests
saturating atom 2 in C0C1C2C3H4H5H6H7H8H9H10H11H12H13 { 0-4(1) 0-1(2) 0-2(1) 1-5(1) 1-6(1) 2-7(1) 2-8(1) } 
Orbits : [[C]([C]([H][H])=[C]([H][H])[H]) [0], [C](=[C]([C]([H][H])[H])[H][H]) [1], [C]([C](=[C]([H][H])[H])[H][H]) [2], [C] [3], [H]([C]([C]([H][H])=[C]([H][H]))) [4], [H]([C](=[C]([C]([H][H])[H])[H])) [5, 6], [H]([C]([C](=[C]([H][H])[H])[H])) [7, 8], [H] [9, 10, 11, 12, 13]]
trying all of [2, 3, 9]
bonding 2 and 3 (C-C)
C0C1C2C3H4H5H6H7H8H9H10H11H12H13 { 0-4(1) 0-1(2) 0-2(1) 1-5(1) 1-6(1) 2-7(1) 2-8(1) 2-3(1) }  is canonical?false
bonding 2 and 9 (C-H)
C0C1C2C3H4H5H6H7H8H9H10H11H12H13 { 0-4(1) 0-1(2) 0-2(1) 1-5(1) 1-6(1) 2-7(1) 2-8(1) 2-9(1) }  is canonical?false
Saturating orbit : [C]([C]([C][C][H])) [1, 2, 3]
first atom 1
saturating atom 1 in C0C1C2C3H4H5H6H7H8H9H10H11H12H13 { 0-4(1) 0-1(1) 0-2(1) 0-3(1) } 
Orbits : [[C]([C][C][C][H]) [0], [C]([C]([C][C][H])) [1, 2, 3], [H]([C]([C][C][C])) [4], [H] [5, 6, 7, 8, 9, 10, 11, 12, 13]]
trying all of [1, 5]
bonding 1 and 5 (C-H)
C0C1C2C3H4H5H6H7H8H9H10H11H12H13 { 0-4(1) 0-1(1) 0-2(1) 0-3(1) 1-5(1) }  is canonical?true
passed all tests
saturating atom 1 in C0C1C2C3H4H5H6H7H8H9H10H11H12H13 { 0-4(1) 0-1(1) 0-2(1) 0-3(1) 1-5(1) } 
Orbits : [[C]([C][C][C]([H])[H]) [0], [C]([C]([C][C][H])[H]) [1], [C]([C]([C][C]([H])[H])) [2, 3], [H]([C]([C][C][C]([H]))) [4], [H]([C]([C]([C][C][H]))) [5], [H] [6, 7, 8, 9, 10, 11, 12, 13]]
trying all of [1, 2, 6]
bonding 1 and 2 (C-C)
C0C1C2C3H4H5H6H7H8H9H10H11H12H13 { 0-4(1) 0-1(1) 0-2(1) 0-3(1) 1-5(1) 1-2(1) }  is canonical?true
passed all tests
saturating atom 1 in C0C1C2C3H4H5H6H7H8H9H10H11H12H13 { 0-4(1) 0-1(1) 0-2(1) 0-3(1) 1-5(1) 1-2(1) } 
Orbits : [[C]([C][C,1]([C,2])[C,2]([H])[H]) [0], [C]([C,1]([C,2])[C,2]([C][H])[H]) [1], [C]([C,1]([C,2][H])[C,2]([C][H])) [2], [C]([C]([C,1]([C,2])[C,2]([H])[H])) [3], [H]([C]([C][C,1]([C,2])[C,2]([H]))) [4], [H]([C]([C,1]([C,2])[C,2]([C][H]))) [5], [H] [6, 7, 8, 9, 10, 11, 12, 13]]
trying all of [1, 2, 3, 6]
bonding 1 and 2 (C-C)
C0C1C2C3H4H5H6H7H8H9H10H11H12H13 { 0-4(1) 0-1(1) 0-2(1) 0-3(1) 1-5(1) 1-2(2) }  is canonical?true
passed all tests
saturating atom 1 in C0C1C2C3H4H5H6H7H8H9H10H11H12H13 { 0-4(1) 0-1(1) 0-2(1) 0-3(1) 1-5(1) 1-2(2) } 
1 is already saturated
bonding 1 and 3 (C-C)
C0C1C2C3H4H5H6H7H8H9H10H11H12H13 { 0-4(1) 0-1(1) 0-2(1) 0-3(1) 1-5(1) 1-2(1) 1-3(1) }  is canonical?true
passed all tests
saturating atom 1 in C0C1C2C3H4H5H6H7H8H9H10H11H12H13 { 0-4(1) 0-1(1) 0-2(1) 0-3(1) 1-5(1) 1-2(1) 1-3(1) } 
1 is already saturated
bonding 1 and 6 (C-H)
C0C1C2C3H4H5H6H7H8H9H10H11H12H13 { 0-4(1) 0-1(1) 0-2(1) 0-3(1) 1-5(1) 1-2(1) 1-6(1) }  is canonical?true
passed all tests
saturating atom 1 in C0C1C2C3H4H5H6H7H8H9H10H11H12H13 { 0-4(1) 0-1(1) 0-2(1) 0-3(1) 1-5(1) 1-2(1) 1-6(1) } 
1 is already saturated
bonding 1 and 6 (C-H)
C0C1C2C3H4H5H6H7H8H9H10H11H12H13 { 0-4(1) 0-1(1) 0-2(1) 0-3(1) 1-5(1) 1-6(1) }  is canonical?true
passed all tests
saturating atom 1 in C0C1C2C3H4H5H6H7H8H9H10H11H12H13 { 0-4(1) 0-1(1) 0-2(1) 0-3(1) 1-5(1) 1-6(1) } 
Orbits : [[C]([C][C][C]([H][H])[H]) [0], [C]([C]([C][C][H])[H][H]) [1], [C]([C]([C][C]([H][H])[H])) [2, 3], [H]([C]([C][C][C]([H][H]))) [4], [H]([C]([C]([C][C][H])[H])) [5, 6], [H] [7, 8, 9, 10, 11, 12, 13]]
trying all of [1, 2, 7]
bonding 1 and 2 (C-C)
C0C1C2C3H4H5H6H7H8H9H10H11H12H13 { 0-4(1) 0-1(1) 0-2(1) 0-3(1) 1-5(1) 1-6(1) 1-2(1) }  is canonical?true
passed all tests
saturating atom 1 in C0C1C2C3H4H5H6H7H8H9H10H11H12H13 { 0-4(1) 0-1(1) 0-2(1) 0-3(1) 1-5(1) 1-6(1) 1-2(1) } 
1 is already saturated
bonding 1 and 7 (C-H)
C0C1C2C3H4H5H6H7H8H9H10H11H12H13 { 0-4(1) 0-1(1) 0-2(1) 0-3(1) 1-5(1) 1-6(1) 1-7(1) }  is canonical?true
passed all tests
saturating atom 1 in C0C1C2C3H4H5H6H7H8H9H10H11H12H13 { 0-4(1) 0-1(1) 0-2(1) 0-3(1) 1-5(1) 1-6(1) 1-7(1) } 
1 is already saturated
Saturating orbit : [C]([C]([C][C][H])) [2, 3]
first atom 2
saturating atom 2 in C0C1C2C3H4H5H6H7H8H9H10H11H12H13 { 0-4(1) 0-1(1) 0-2(1) 0-3(1) 1-5(1) 1-2(2) } 
Orbits : [[C]([C][C,1](=[C,2])[C,2]([H])[H]) [0], [C](=[C,1]([C,2])[C,2]([C][H])[H]) [1], [C](=[C,1]([C,2][H])[C,2]([C][H])) [2], [C]([C]([C,1](=[C,2])[C,2]([H])[H])) [3], [H]([C]([C][C,1](=[C,2])[C,2]([H]))) [4], [H]([C](=[C,1]([C,2])[C,2]([C][H]))) [5], [H] [6, 7, 8, 9, 10, 11, 12, 13]]
trying all of [2, 3, 6]
bonding 2 and 3 (C-C)
C0C1C2C3H4H5H6H7H8H9H10H11H12H13 { 0-4(1) 0-1(1) 0-2(1) 0-3(1) 1-5(1) 1-2(2) 2-3(1) }  is canonical?false
bonding 2 and 6 (C-H)
C0C1C2C3H4H5H6H7H8H9H10H11H12H13 { 0-4(1) 0-1(1) 0-2(1) 0-3(1) 1-5(1) 1-2(2) 2-6(1) }  is canonical?true
passed all tests
saturating atom 2 in C0C1C2C3H4H5H6H7H8H9H10H11H12H13 { 0-4(1) 0-1(1) 0-2(1) 0-3(1) 1-5(1) 1-2(2) 2-6(1) } 
2 is already saturated
Saturating orbit : [C]([C]([C][C][H])) [3]
first atom 3
saturating atom 3 in C0C1C2C3H4H5H6H7H8H9H10H11H12H13 { 0-4(1) 0-1(1) 0-2(1) 0-3(1) 1-5(1) 1-2(2) 2-6(1) } 
Orbits : [[C]([C][C,2](=[C,1][H])[C,1]([H])[H]) [0], [C](=[C,1]([C,2][H])[C,2]([C][H])[H]) [1, 2], [C]([C]([C,2](=[C,1][H])[C,1]([H])[H])) [3], [H]([C]([C][C,2](=[C,1][H])[C,1]([H]))) [4], [H]([C](=[C,1]([C,2][H])[C,2]([C][H]))) [5, 6], [H] [7, 8, 9, 10, 11, 12, 13]]
trying all of [3, 7]
bonding 3 and 7 (C-H)
C0C1C2C3H4H5H6H7H8H9H10H11H12H13 { 0-4(1) 0-1(1) 0-2(1) 0-3(1) 1-5(1) 1-2(2) 2-6(1) 3-7(1) }  is canonical?true
passed all tests
saturating atom 3 in C0C1C2C3H4H5H6H7H8H9H10H11H12H13 { 0-4(1) 0-1(1) 0-2(1) 0-3(1) 1-5(1) 1-2(2) 2-6(1) 3-7(1) } 
Orbits : [[C]([C]([H])[C,2](=[C,1][H])[C,1]([H])[H]) [0], [C](=[C,1]([C,2][H])[C,2]([C]([H])[H])[H]) [1, 2], [C]([C]([C,2](=[C,1][H])[C,1]([H])[H])[H]) [3], [H]([C]([C]([H])[C,2](=[C,1][H])[C,1]([H]))) [4], [H]([C](=[C,1]([C,2][H])[C,2]([C]([H])[H]))) [5, 6], [H]([C]([C]([C,2](=[C,1][H])[C,1]([H])[H]))) [7], [H] [8, 9, 10, 11, 12, 13]]
trying all of [3, 8]
bonding 3 and 8 (C-H)
C0C1C2C3H4H5H6H7H8H9H10H11H12H13 { 0-4(1) 0-1(1) 0-2(1) 0-3(1) 1-5(1) 1-2(2) 2-6(1) 3-7(1) 3-8(1) }  is canonical?true
passed all tests
saturating atom 3 in C0C1C2C3H4H5H6H7H8H9H10H11H12H13 { 0-4(1) 0-1(1) 0-2(1) 0-3(1) 1-5(1) 1-2(2) 2-6(1) 3-7(1) 3-8(1) } 
Orbits : [[C]([C]([H][H])[C,2](=[C,1][H])[C,1]([H])[H]) [0], [C](=[C,1]([C,2][H])[C,2]([C]([H][H])[H])[H]) [1, 2], [C]([C]([C,2](=[C,1][H])[C,1]([H])[H])[H][H]) [3], [H]([C]([C]([H][H])[C,2](=[C,1][H])[C,1]([H]))) [4], [H]([C](=[C,1]([C,2][H])[C,2]([C]([H][H])[H]))) [5, 6], [H]([C]([C]([C,2](=[C,1][H])[C,1]([H])[H])[H])) [7, 8], [H] [9, 10, 11, 12, 13]]
trying all of [3, 9]
bonding 3 and 9 (C-H)
C0C1C2C3H4H5H6H7H8H9H10H11H12H13 { 0-4(1) 0-1(1) 0-2(1) 0-3(1) 1-5(1) 1-2(2) 2-6(1) 3-7(1) 3-8(1) 3-9(1) }  is canonical?false
Saturating orbit : [C]([C]([C][C][H])) []
orbit empty
Saturating orbit : [C]([C]([C][C][H])) []
orbit empty
Saturating orbit : [C]([C]([C][C][H])) []
orbit empty
Saturating orbit : [C]([C]([C][C][H])) []
orbit empty
Saturating orbit : [C]([C,3]([C,2][C,1][H])[C,1]([C,2][H])) [2, 3]
first atom 2
saturating atom 2 in C0C1C2C3H4H5H6H7H8H9H10H11H12H13 { 0-4(1) 0-1(1) 0-2(1) 0-3(1) 1-5(1) 1-2(1) 1-3(1) } 
Orbits : [[C]([C,2]([C,3])[C,3]([C,1][H])[C,1][H]) [0, 1], [C]([C,3]([C,2][C,1][H])[C,1]([C,2][H])) [2, 3], [H]([C]([C,2]([C,3])[C,3]([C,1][H])[C,1])) [4, 5], [H] [6, 7, 8, 9, 10, 11, 12, 13]]
trying all of [2, 6]
bonding 2 and 6 (C-H)
C0C1C2C3H4H5H6H7H8H9H10H11H12H13 { 0-4(1) 0-1(1) 0-2(1) 0-3(1) 1-5(1) 1-2(1) 1-3(1) 2-6(1) }  is canonical?true
passed all tests
saturating atom 2 in C0C1C2C3H4H5H6H7H8H9H10H11H12H13 { 0-4(1) 0-1(1) 0-2(1) 0-3(1) 1-5(1) 1-2(1) 1-3(1) 2-6(1) } 
Orbits : [[C]([C,1]([C,3])[C,2]([C,3][H])[C,3]([H])[H]) [0, 1], [C]([C,3]([C,2][C,1][H])[C,1]([C,2][H])[H]) [2], [C]([C,3]([C,1][C,2]([H])[H])[C,1]([C,2][H])) [3], [H]([C]([C,1]([C,3])[C,2]([C,3][H])[C,3]([H]))) [4, 5], [H]([C]([C,3]([C,2][C,1][H])[C,1]([C,2][H]))) [6], [H] [7, 8, 9, 10, 11, 12, 13]]
trying all of [2, 3, 7]
bonding 2 and 3 (C-C)
C0C1C2C3H4H5H6H7H8H9H10H11H12H13 { 0-4(1) 0-1(1) 0-2(1) 0-3(1) 1-5(1) 1-2(1) 1-3(1) 2-6(1) 2-3(1) }  is canonical?true
passed all tests
saturating atom 2 in C0C1C2C3H4H5H6H7H8H9H10H11H12H13 { 0-4(1) 0-1(1) 0-2(1) 0-3(1) 1-5(1) 1-2(1) 1-3(1) 2-6(1) 2-3(1) } 
2 is already saturated
bonding 2 and 7 (C-H)
C0C1C2C3H4H5H6H7H8H9H10H11H12H13 { 0-4(1) 0-1(1) 0-2(1) 0-3(1) 1-5(1) 1-2(1) 1-3(1) 2-6(1) 2-7(1) }  is canonical?true
passed all tests
saturating atom 2 in C0C1C2C3H4H5H6H7H8H9H10H11H12H13 { 0-4(1) 0-1(1) 0-2(1) 0-3(1) 1-5(1) 1-2(1) 1-3(1) 2-6(1) 2-7(1) } 
2 is already saturated
Saturating orbit : [C]([C,3]([C,2][C,1][H])[C,1]([C,2][H])) [3]
first atom 3
saturating atom 3 in C0C1C2C3H4H5H6H7H8H9H10H11H12H13 { 0-4(1) 0-1(1) 0-2(1) 0-3(1) 1-5(1) 1-2(1) 1-3(1) 2-6(1) 2-3(1) } 
Orbits : [[C]([C,2]([C,3][C,1])[C,3]([C,1][H])[C,1]([H])[H]) [0, 1, 2], [C]([C,3]([C,1][C,2][H])[C,1]([C,2][H])[C,2]([H])) [3], [H]([C]([C,2]([C,3][C,1])[C,3]([C,1][H])[C,1]([H]))) [4, 5, 6], [H] [7, 8, 9, 10, 11, 12, 13]]
trying all of [3, 7]
bonding 3 and 7 (C-H)
C0C1C2C3H4H5H6H7H8H9H10H11H12H13 { 0-4(1) 0-1(1) 0-2(1) 0-3(1) 1-5(1) 1-2(1) 1-3(1) 2-6(1) 2-3(1) 3-7(1) }  is canonical?true
passed all tests
saturating atom 3 in C0C1C2C3H4H5H6H7H8H9H10H11H12H13 { 0-4(1) 0-1(1) 0-2(1) 0-3(1) 1-5(1) 1-2(1) 1-3(1) 2-6(1) 2-3(1) 3-7(1) } 
3 is already saturated
Saturating orbit : [C]([C,3]([C,2][C,1][H])[C,1]([C,2][H])) []
orbit empty
Saturating orbit : [C]([C,3]([C,2][C,1][H])[C,1]([C,2][H])) []
orbit empty
Saturating orbit : [H] [8, 9, 10, 11, 12, 13]
first atom 8
saturating atom 8 in C0C1C2C3H4H5H6H7H8H9H10H11H12H13 { 0-4(1) 0-1(1) 0-2(1) 0-3(1) 1-5(1) 1-2(1) 1-3(1) 2-6(1) 2-3(1) 3-7(1) } 
Orbits : [[C]([C,3]([C,1][C,2][H])[C,1]([C,2][H])[C,2]([H])[H]) [0, 1, 2, 3], [H]([C]([C,3]([C,1][C,2][H])[C,1]([C,2][H])[C,2]([H]))) [4, 5, 6, 7], [H] [8, 9, 10, 11, 12, 13]]
trying all of [8]
Saturating orbit : [C]([C,3]([C,1][C,2]([H][H])[H])[C,1]([C,2][H])) [3]
first atom 3
saturating atom 3 in C0C1C2C3H4H5H6H7H8H9H10H11H12H13 { 0-4(1) 0-1(1) 0-2(1) 0-3(1) 1-5(1) 1-2(1) 1-3(1) 2-6(1) 2-7(1) } 
Orbits : [[C]([C,1]([C,3])[C,2]([C,3][H][H])[C,3]([H])[H]) [0, 1], [C]([C,3]([C,2][C,1][H])[C,1]([C,2][H])[H][H]) [2], [C]([C,3]([C,1][C,2]([H][H])[H])[C,1]([C,2][H])) [3], [H]([C]([C,1]([C,3])[C,2]([C,3][H][H])[C,3]([H]))) [4, 5], [H]([C]([C,3]([C,2][C,1][H])[C,1]([C,2][H])[H])) [6, 7], [H] [8, 9, 10, 11, 12, 13]]
trying all of [3, 8]
bonding 3 and 8 (C-H)
C0C1C2C3H4H5H6H7H8H9H10H11H12H13 { 0-4(1) 0-1(1) 0-2(1) 0-3(1) 1-5(1) 1-2(1) 1-3(1) 2-6(1) 2-7(1) 3-8(1) }  is canonical?true
passed all tests
saturating atom 3 in C0C1C2C3H4H5H6H7H8H9H10H11H12H13 { 0-4(1) 0-1(1) 0-2(1) 0-3(1) 1-5(1) 1-2(1) 1-3(1) 2-6(1) 2-7(1) 3-8(1) } 
Orbits : [[C]([C,1]([C,3][H])[C,2]([C,3][H][H])[C,3]([H])[H]) [0, 1], [C]([C,3]([C,1][C,2]([H])[H])[C,1]([C,2][H])[H][H]) [2], [C]([C,3]([C,1][C,2]([H][H])[H])[C,1]([C,2][H])[H]) [3], [H]([C]([C,1]([C,3][H])[C,2]([C,3][H][H])[C,3]([H]))) [4, 5], [H]([C]([C,3]([C,1][C,2]([H])[H])[C,1]([C,2][H])[H])) [6, 7], [H]([C]([C,3]([C,1][C,2]([H][H])[H])[C,1]([C,2][H]))) [8], [H] [9, 10, 11, 12, 13]]
trying all of [3, 9]
bonding 3 and 9 (C-H)
C0C1C2C3H4H5H6H7H8H9H10H11H12H13 { 0-4(1) 0-1(1) 0-2(1) 0-3(1) 1-5(1) 1-2(1) 1-3(1) 2-6(1) 2-7(1) 3-8(1) 3-9(1) }  is canonical?true
passed all tests
saturating atom 3 in C0C1C2C3H4H5H6H7H8H9H10H11H12H13 { 0-4(1) 0-1(1) 0-2(1) 0-3(1) 1-5(1) 1-2(1) 1-3(1) 2-6(1) 2-7(1) 3-8(1) 3-9(1) } 
3 is already saturated
Saturating orbit : [C]([C,3]([C,1][C,2]([H][H])[H])[C,1]([C,2][H])) []
orbit empty
Saturating orbit : [H] [10, 11, 12, 13]
first atom 10
saturating atom 10 in C0C1C2C3H4H5H6H7H8H9H10H11H12H13 { 0-4(1) 0-1(1) 0-2(1) 0-3(1) 1-5(1) 1-2(1) 1-3(1) 2-6(1) 2-7(1) 3-8(1) 3-9(1) } 
Orbits : [[C]([C,2]([C,3][H][H])[C,3]([C,1][H])[C,1]([H][H])[H]) [0, 1], [C]([C,3]([C,1][C,2]([H][H])[H])[C,1]([C,2][H])[H][H]) [2, 3], [H]([C]([C,2]([C,3][H][H])[C,3]([C,1][H])[C,1]([H][H]))) [4, 5], [H]([C]([C,3]([C,1][C,2]([H][H])[H])[C,1]([C,2][H])[H])) [6, 7, 8, 9], [H] [10, 11, 12, 13]]
trying all of [10]
Saturating orbit : [C]([C,1]([C][C,2][H])[C,2]([H][H])) [2]
first atom 2
saturating atom 2 in C0C1C2C3H4H5H6H7H8H9H10H11H12H13 { 0-4(1) 0-1(1) 0-2(1) 0-3(1) 1-5(1) 1-2(1) 1-6(1) } 
Orbits : [[C]([C][C,1]([C,2])[C,2]([H][H])[H]) [0], [C]([C,1]([C,2])[C,2]([C][H])[H][H]) [1], [C]([C,1]([C][C,2][H])[C,2]([H][H])) [2], [C]([C]([C,1]([C,2])[C,2]([H][H])[H])) [3], [H]([C]([C][C,1]([C,2])[C,2]([H][H]))) [4], [H]([C]([C,1]([C,2])[C,2]([C][H])[H])) [5, 6], [H] [7, 8, 9, 10, 11, 12, 13]]
trying all of [2, 3, 7]
bonding 2 and 3 (C-C)
C0C1C2C3H4H5H6H7H8H9H10H11H12H13 { 0-4(1) 0-1(1) 0-2(1) 0-3(1) 1-5(1) 1-2(1) 1-6(1) 2-3(1) }  is canonical?true
passed all tests
saturating atom 2 in C0C1C2C3H4H5H6H7H8H9H10H11H12H13 { 0-4(1) 0-1(1) 0-2(1) 0-3(1) 1-5(1) 1-2(1) 1-6(1) 2-3(1) } 
Orbits : [[C]([C,1]([C,2])[C,2]([C,3])[C,3]([H][H])[H]) [0], [C]([C,2]([C,1][C,3])[C,3]([C,1][H])[H][H]) [1], [C]([C,1]([C,3])[C,2]([C,3][H][H])[C,3]([H])) [2], [C]([C,2]([C,3][C,1]([H][H]))[C,3]([C,1][H])) [3], [H]([C]([C,1]([C,2])[C,2]([C,3])[C,3]([H][H]))) [4], [H]([C]([C,2]([C,1][C,3])[C,3]([C,1][H])[H])) [5, 6], [H] [7, 8, 9, 10, 11, 12, 13]]
trying all of [2, 3, 7]
bonding 2 and 3 (C-C)
C0C1C2C3H4H5H6H7H8H9H10H11H12H13 { 0-4(1) 0-1(1) 0-2(1) 0-3(1) 1-5(1) 1-2(1) 1-6(1) 2-3(2) }  is canonical?true
passed all tests
saturating atom 2 in C0C1C2C3H4H5H6H7H8H9H10H11H12H13 { 0-4(1) 0-1(1) 0-2(1) 0-3(1) 1-5(1) 1-2(1) 1-6(1) 2-3(2) } 
2 is already saturated
bonding 2 and 7 (C-H)
C0C1C2C3H4H5H6H7H8H9H10H11H12H13 { 0-4(1) 0-1(1) 0-2(1) 0-3(1) 1-5(1) 1-2(1) 1-6(1) 2-3(1) 2-7(1) }  is canonical?false
bonding 2 and 7 (C-H)
C0C1C2C3H4H5H6H7H8H9H10H11H12H13 { 0-4(1) 0-1(1) 0-2(1) 0-3(1) 1-5(1) 1-2(1) 1-6(1) 2-7(1) }  is canonical?true
passed all tests
saturating atom 2 in C0C1C2C3H4H5H6H7H8H9H10H11H12H13 { 0-4(1) 0-1(1) 0-2(1) 0-3(1) 1-5(1) 1-2(1) 1-6(1) 2-7(1) } 
Orbits : [[C]([C][C,1]([C,2][H])[C,2]([H][H])[H]) [0], [C]([C,1]([C,2][H])[C,2]([C][H])[H][H]) [1], [C]([C,1]([C][C,2][H])[C,2]([H][H])[H]) [2], [C]([C]([C,1]([C,2][H])[C,2]([H][H])[H])) [3], [H]([C]([C][C,1]([C,2][H])[C,2]([H][H]))) [4], [H]([C]([C,1]([C,2][H])[C,2]([C][H])[H])) [5, 6], [H]([C]([C,1]([C][C,2][H])[C,2]([H][H]))) [7], [H] [8, 9, 10, 11, 12, 13]]
trying all of [2, 3, 8]
bonding 2 and 3 (C-C)
C0C1C2C3H4H5H6H7H8H9H10H11H12H13 { 0-4(1) 0-1(1) 0-2(1) 0-3(1) 1-5(1) 1-2(1) 1-6(1) 2-7(1) 2-3(1) }  is canonical?false
bonding 2 and 8 (C-H)
C0C1C2C3H4H5H6H7H8H9H10H11H12H13 { 0-4(1) 0-1(1) 0-2(1) 0-3(1) 1-5(1) 1-2(1) 1-6(1) 2-7(1) 2-8(1) }  is canonical?true
passed all tests
saturating atom 2 in C0C1C2C3H4H5H6H7H8H9H10H11H12H13 { 0-4(1) 0-1(1) 0-2(1) 0-3(1) 1-5(1) 1-2(1) 1-6(1) 2-7(1) 2-8(1) } 
2 is already saturated
Saturating orbit : [C]([C,1]([C][C,2][H])[C,2]([H][H])) []
orbit empty
Saturating orbit : [C]([C,1]([C][C,2][H])[C,2]([H][H])) []
orbit empty
Saturating orbit : [C](=[C,2]([C,3][C,1]([H][H]))[C,3]([C,1][H])) [3]
first atom 3
saturating atom 3 in C0C1C2C3H4H5H6H7H8H9H10H11H12H13 { 0-4(1) 0-1(1) 0-2(1) 0-3(1) 1-5(1) 1-2(1) 1-6(1) 2-3(2) } 
Orbits : [[C]([C,1](=[C,2])[C,2]([C,3])[C,3]([H][H])[H]) [0], [C]([C,2](=[C,1][C,3])[C,3]([C,1][H])[H][H]) [1], [C](=[C,1]([C,3])[C,2]([C,3][H][H])[C,3]([H])) [2], [C](=[C,2]([C,3][C,1]([H][H]))[C,3]([C,1][H])) [3], [H]([C]([C,1](=[C,2])[C,2]([C,3])[C,3]([H][H]))) [4], [H]([C]([C,2](=[C,1][C,3])[C,3]([C,1][H])[H])) [5, 6], [H] [7, 8, 9, 10, 11, 12, 13]]
trying all of [3, 7]
bonding 3 and 7 (C-H)
C0C1C2C3H4H5H6H7H8H9H10H11H12H13 { 0-4(1) 0-1(1) 0-2(1) 0-3(1) 1-5(1) 1-2(1) 1-6(1) 2-3(2) 3-7(1) }  is canonical?false
Saturating orbit : [C]([C]([C,2]([C,1][H][H])[C,1]([H][H])[H])) [3]
first atom 3
saturating atom 3 in C0C1C2C3H4H5H6H7H8H9H10H11H12H13 { 0-4(1) 0-1(1) 0-2(1) 0-3(1) 1-5(1) 1-2(1) 1-6(1) 2-7(1) 2-8(1) } 
Orbits : [[C]([C][C,2]([C,1][H][H])[C,1]([H][H])[H]) [0], [C]([C,1]([C][C,2][H])[C,2]([H][H])[H][H]) [1, 2], [C]([C]([C,2]([C,1][H][H])[C,1]([H][H])[H])) [3], [H]([C]([C][C,2]([C,1][H][H])[C,1]([H][H]))) [4], [H]([C]([C,1]([C][C,2][H])[C,2]([H][H])[H])) [5, 6, 7, 8], [H] [9, 10, 11, 12, 13]]
trying all of [3, 9]
bonding 3 and 9 (C-H)
C0C1C2C3H4H5H6H7H8H9H10H11H12H13 { 0-4(1) 0-1(1) 0-2(1) 0-3(1) 1-5(1) 1-2(1) 1-6(1) 2-7(1) 2-8(1) 3-9(1) }  is canonical?true
passed all tests
saturating atom 3 in C0C1C2C3H4H5H6H7H8H9H10H11H12H13 { 0-4(1) 0-1(1) 0-2(1) 0-3(1) 1-5(1) 1-2(1) 1-6(1) 2-7(1) 2-8(1) 3-9(1) } 
Orbits : [[C]([C]([H])[C,2]([C,1][H][H])[C,1]([H][H])[H]) [0], [C]([C,1]([C,2][H][H])[C,2]([C]([H])[H])[H][H]) [1, 2], [C]([C]([C,2]([C,1][H][H])[C,1]([H][H])[H])[H]) [3], [H]([C]([C]([H])[C,2]([C,1][H][H])[C,1]([H][H]))) [4], [H]([C]([C,1]([C,2][H][H])[C,2]([C]([H])[H])[H])) [5, 6, 7, 8], [H]([C]([C]([C,2]([C,1][H][H])[C,1]([H][H])[H]))) [9], [H] [10, 11, 12, 13]]
trying all of [3, 10]
bonding 3 and 10 (C-H)
C0C1C2C3H4H5H6H7H8H9H10H11H12H13 { 0-4(1) 0-1(1) 0-2(1) 0-3(1) 1-5(1) 1-2(1) 1-6(1) 2-7(1) 2-8(1) 3-9(1) 3-10(1) }  is canonical?true
passed all tests
saturating atom 3 in C0C1C2C3H4H5H6H7H8H9H10H11H12H13 { 0-4(1) 0-1(1) 0-2(1) 0-3(1) 1-5(1) 1-2(1) 1-6(1) 2-7(1) 2-8(1) 3-9(1) 3-10(1) } 
Orbits : [[C]([C]([H][H])[C,2]([C,1][H][H])[C,1]([H][H])[H]) [0], [C]([C,1]([C,2][H][H])[C,2]([C]([H][H])[H])[H][H]) [1, 2], [C]([C]([C,2]([C,1][H][H])[C,1]([H][H])[H])[H][H]) [3], [H]([C]([C]([H][H])[C,2]([C,1][H][H])[C,1]([H][H]))) [4], [H]([C]([C,1]([C,2][H][H])[C,2]([C]([H][H])[H])[H])) [5, 6, 7, 8], [H]([C]([C]([C,2]([C,1][H][H])[C,1]([H][H])[H])[H])) [9, 10], [H] [11, 12, 13]]
trying all of [3, 11]
bonding 3 and 11 (C-H)
C0C1C2C3H4H5H6H7H8H9H10H11H12H13 { 0-4(1) 0-1(1) 0-2(1) 0-3(1) 1-5(1) 1-2(1) 1-6(1) 2-7(1) 2-8(1) 3-9(1) 3-10(1) 3-11(1) }  is canonical?true
passed all tests
saturating atom 3 in C0C1C2C3H4H5H6H7H8H9H10H11H12H13 { 0-4(1) 0-1(1) 0-2(1) 0-3(1) 1-5(1) 1-2(1) 1-6(1) 2-7(1) 2-8(1) 3-9(1) 3-10(1) 3-11(1) } 
3 is already saturated
Saturating orbit : [C]([C]([C,2]([C,1][H][H])[C,1]([H][H])[H])) []
orbit empty
Saturating orbit : [H] [12, 13]
first atom 12
saturating atom 12 in C0C1C2C3H4H5H6H7H8H9H10H11H12H13 { 0-4(1) 0-1(1) 0-2(1) 0-3(1) 1-5(1) 1-2(1) 1-6(1) 2-7(1) 2-8(1) 3-9(1) 3-10(1) 3-11(1) } 
Orbits : [[C]([C]([H][H][H])[C,2]([C,1][H][H])[C,1]([H][H])[H]) [0], [C]([C,1]([C,2][H][H])[C,2]([C]([H][H][H])[H])[H][H]) [1, 2], [C]([C]([C,2]([C,1][H][H])[C,1]([H][H])[H])[H][H][H]) [3], [H]([C]([C]([H][H][H])[C,2]([C,1][H][H])[C,1]([H][H]))) [4], [H]([C]([C,1]([C,2][H][H])[C,2]([C]([H][H][H])[H])[H])) [5, 6, 7, 8], [H]([C]([C]([C,2]([C,1][H][H])[C,1]([H][H])[H])[H][H])) [9, 10, 11], [H] [12, 13]]
trying all of [12]
Saturating orbit : [C]([C,1]([C][C,2][H])[C,2]([H][H])) [2]
first atom 2
saturating atom 2 in C0C1C2C3H4H5H6H7H8H9H10H11H12H13 { 0-4(1) 0-1(1) 0-2(1) 0-3(1) 1-5(1) 1-6(1) 1-2(1) } 
Orbits : [[C]([C][C,1]([C,2])[C,2]([H][H])[H]) [0], [C]([C,1]([C,2])[C,2]([C][H])[H][H]) [1], [C]([C,1]([C][C,2][H])[C,2]([H][H])) [2], [C]([C]([C,1]([C,2])[C,2]([H][H])[H])) [3], [H]([C]([C][C,1]([C,2])[C,2]([H][H]))) [4], [H]([C]([C,1]([C,2])[C,2]([C][H])[H])) [5, 6], [H] [7, 8, 9, 10, 11, 12, 13]]
trying all of [2, 3, 7]
bonding 2 and 3 (C-C)
C0C1C2C3H4H5H6H7H8H9H10H11H12H13 { 0-4(1) 0-1(1) 0-2(1) 0-3(1) 1-5(1) 1-6(1) 1-2(1) 2-3(1) }  is canonical?true
passed all tests
saturating atom 2 in C0C1C2C3H4H5H6H7H8H9H10H11H12H13 { 0-4(1) 0-1(1) 0-2(1) 0-3(1) 1-5(1) 1-6(1) 1-2(1) 2-3(1) } 
Orbits : [[C]([C,1]([C,2])[C,2]([C,3])[C,3]([H][H])[H]) [0], [C]([C,2]([C,1][C,3])[C,3]([C,1][H])[H][H]) [1], [C]([C,1]([C,3])[C,2]([C,3][H][H])[C,3]([H])) [2], [C]([C,2]([C,3][C,1]([H][H]))[C,3]([C,1][H])) [3], [H]([C]([C,1]([C,2])[C,2]([C,3])[C,3]([H][H]))) [4], [H]([C]([C,2]([C,1][C,3])[C,3]([C,1][H])[H])) [5, 6], [H] [7, 8, 9, 10, 11, 12, 13]]
trying all of [2, 3, 7]
bonding 2 and 3 (C-C)
C0C1C2C3H4H5H6H7H8H9H10H11H12H13 { 0-4(1) 0-1(1) 0-2(1) 0-3(1) 1-5(1) 1-6(1) 1-2(1) 2-3(2) }  is canonical?true
passed all tests
saturating atom 2 in C0C1C2C3H4H5H6H7H8H9H10H11H12H13 { 0-4(1) 0-1(1) 0-2(1) 0-3(1) 1-5(1) 1-6(1) 1-2(1) 2-3(2) } 
2 is already saturated
bonding 2 and 7 (C-H)
C0C1C2C3H4H5H6H7H8H9H10H11H12H13 { 0-4(1) 0-1(1) 0-2(1) 0-3(1) 1-5(1) 1-6(1) 1-2(1) 2-3(1) 2-7(1) }  is canonical?false
bonding 2 and 7 (C-H)
C0C1C2C3H4H5H6H7H8H9H10H11H12H13 { 0-4(1) 0-1(1) 0-2(1) 0-3(1) 1-5(1) 1-6(1) 1-2(1) 2-7(1) }  is canonical?true
passed all tests
saturating atom 2 in C0C1C2C3H4H5H6H7H8H9H10H11H12H13 { 0-4(1) 0-1(1) 0-2(1) 0-3(1) 1-5(1) 1-6(1) 1-2(1) 2-7(1) } 
Orbits : [[C]([C][C,1]([C,2][H])[C,2]([H][H])[H]) [0], [C]([C,1]([C,2][H])[C,2]([C][H])[H][H]) [1], [C]([C,1]([C][C,2][H])[C,2]([H][H])[H]) [2], [C]([C]([C,1]([C,2][H])[C,2]([H][H])[H])) [3], [H]([C]([C][C,1]([C,2][H])[C,2]([H][H]))) [4], [H]([C]([C,1]([C,2][H])[C,2]([C][H])[H])) [5, 6], [H]([C]([C,1]([C][C,2][H])[C,2]([H][H]))) [7], [H] [8, 9, 10, 11, 12, 13]]
trying all of [2, 3, 8]
bonding 2 and 3 (C-C)
C0C1C2C3H4H5H6H7H8H9H10H11H12H13 { 0-4(1) 0-1(1) 0-2(1) 0-3(1) 1-5(1) 1-6(1) 1-2(1) 2-7(1) 2-3(1) }  is canonical?false
bonding 2 and 8 (C-H)
C0C1C2C3H4H5H6H7H8H9H10H11H12H13 { 0-4(1) 0-1(1) 0-2(1) 0-3(1) 1-5(1) 1-6(1) 1-2(1) 2-7(1) 2-8(1) }  is canonical?true
passed all tests
saturating atom 2 in C0C1C2C3H4H5H6H7H8H9H10H11H12H13 { 0-4(1) 0-1(1) 0-2(1) 0-3(1) 1-5(1) 1-6(1) 1-2(1) 2-7(1) 2-8(1) } 
2 is already saturated
Saturating orbit : [C]([C,1]([C][C,2][H])[C,2]([H][H])) []
orbit empty
Saturating orbit : [C]([C,1]([C][C,2][H])[C,2]([H][H])) []
orbit empty
Saturating orbit : [C](=[C,2]([C,3][C,1]([H][H]))[C,3]([C,1][H])) [3]
first atom 3
saturating atom 3 in C0C1C2C3H4H5H6H7H8H9H10H11H12H13 { 0-4(1) 0-1(1) 0-2(1) 0-3(1) 1-5(1) 1-6(1) 1-2(1) 2-3(2) } 
Orbits : [[C]([C,1](=[C,2])[C,2]([C,3])[C,3]([H][H])[H]) [0], [C]([C,2](=[C,1][C,3])[C,3]([C,1][H])[H][H]) [1], [C](=[C,1]([C,3])[C,2]([C,3][H][H])[C,3]([H])) [2], [C](=[C,2]([C,3][C,1]([H][H]))[C,3]([C,1][H])) [3], [H]([C]([C,1](=[C,2])[C,2]([C,3])[C,3]([H][H]))) [4], [H]([C]([C,2](=[C,1][C,3])[C,3]([C,1][H])[H])) [5, 6], [H] [7, 8, 9, 10, 11, 12, 13]]
trying all of [3, 7]
bonding 3 and 7 (C-H)
C0C1C2C3H4H5H6H7H8H9H10H11H12H13 { 0-4(1) 0-1(1) 0-2(1) 0-3(1) 1-5(1) 1-6(1) 1-2(1) 2-3(2) 3-7(1) }  is canonical?false
Saturating orbit : [C]([C]([C,2]([C,1][H][H])[C,1]([H][H])[H])) [3]
first atom 3
saturating atom 3 in C0C1C2C3H4H5H6H7H8H9H10H11H12H13 { 0-4(1) 0-1(1) 0-2(1) 0-3(1) 1-5(1) 1-6(1) 1-2(1) 2-7(1) 2-8(1) } 
Orbits : [[C]([C][C,2]([C,1][H][H])[C,1]([H][H])[H]) [0], [C]([C,1]([C][C,2][H])[C,2]([H][H])[H][H]) [1, 2], [C]([C]([C,2]([C,1][H][H])[C,1]([H][H])[H])) [3], [H]([C]([C][C,2]([C,1][H][H])[C,1]([H][H]))) [4], [H]([C]([C,1]([C][C,2][H])[C,2]([H][H])[H])) [5, 6, 7, 8], [H] [9, 10, 11, 12, 13]]
trying all of [3, 9]
bonding 3 and 9 (C-H)
C0C1C2C3H4H5H6H7H8H9H10H11H12H13 { 0-4(1) 0-1(1) 0-2(1) 0-3(1) 1-5(1) 1-6(1) 1-2(1) 2-7(1) 2-8(1) 3-9(1) }  is canonical?true
passed all tests
saturating atom 3 in C0C1C2C3H4H5H6H7H8H9H10H11H12H13 { 0-4(1) 0-1(1) 0-2(1) 0-3(1) 1-5(1) 1-6(1) 1-2(1) 2-7(1) 2-8(1) 3-9(1) } 
Orbits : [[C]([C]([H])[C,2]([C,1][H][H])[C,1]([H][H])[H]) [0], [C]([C,1]([C,2][H][H])[C,2]([C]([H])[H])[H][H]) [1, 2], [C]([C]([C,2]([C,1][H][H])[C,1]([H][H])[H])[H]) [3], [H]([C]([C]([H])[C,2]([C,1][H][H])[C,1]([H][H]))) [4], [H]([C]([C,1]([C,2][H][H])[C,2]([C]([H])[H])[H])) [5, 6, 7, 8], [H]([C]([C]([C,2]([C,1][H][H])[C,1]([H][H])[H]))) [9], [H] [10, 11, 12, 13]]
trying all of [3, 10]
bonding 3 and 10 (C-H)
C0C1C2C3H4H5H6H7H8H9H10H11H12H13 { 0-4(1) 0-1(1) 0-2(1) 0-3(1) 1-5(1) 1-6(1) 1-2(1) 2-7(1) 2-8(1) 3-9(1) 3-10(1) }  is canonical?true
passed all tests
saturating atom 3 in C0C1C2C3H4H5H6H7H8H9H10H11H12H13 { 0-4(1) 0-1(1) 0-2(1) 0-3(1) 1-5(1) 1-6(1) 1-2(1) 2-7(1) 2-8(1) 3-9(1) 3-10(1) } 
Orbits : [[C]([C]([H][H])[C,2]([C,1][H][H])[C,1]([H][H])[H]) [0], [C]([C,1]([C,2][H][H])[C,2]([C]([H][H])[H])[H][H]) [1, 2], [C]([C]([C,2]([C,1][H][H])[C,1]([H][H])[H])[H][H]) [3], [H]([C]([C]([H][H])[C,2]([C,1][H][H])[C,1]([H][H]))) [4], [H]([C]([C,1]([C,2][H][H])[C,2]([C]([H][H])[H])[H])) [5, 6, 7, 8], [H]([C]([C]([C,2]([C,1][H][H])[C,1]([H][H])[H])[H])) [9, 10], [H] [11, 12, 13]]
trying all of [3, 11]
bonding 3 and 11 (C-H)
C0C1C2C3H4H5H6H7H8H9H10H11H12H13 { 0-4(1) 0-1(1) 0-2(1) 0-3(1) 1-5(1) 1-6(1) 1-2(1) 2-7(1) 2-8(1) 3-9(1) 3-10(1) 3-11(1) }  is canonical?true
passed all tests
saturating atom 3 in C0C1C2C3H4H5H6H7H8H9H10H11H12H13 { 0-4(1) 0-1(1) 0-2(1) 0-3(1) 1-5(1) 1-6(1) 1-2(1) 2-7(1) 2-8(1) 3-9(1) 3-10(1) 3-11(1) } 
3 is already saturated
Saturating orbit : [C]([C]([C,2]([C,1][H][H])[C,1]([H][H])[H])) []
orbit empty
Saturating orbit : [H] [12, 13]
first atom 12
saturating atom 12 in C0C1C2C3H4H5H6H7H8H9H10H11H12H13 { 0-4(1) 0-1(1) 0-2(1) 0-3(1) 1-5(1) 1-6(1) 1-2(1) 2-7(1) 2-8(1) 3-9(1) 3-10(1) 3-11(1) } 
Orbits : [[C]([C]([H][H][H])[C,2]([C,1][H][H])[C,1]([H][H])[H]) [0], [C]([C,1]([C,2][H][H])[C,2]([C]([H][H][H])[H])[H][H]) [1, 2], [C]([C]([C,2]([C,1][H][H])[C,1]([H][H])[H])[H][H][H]) [3], [H]([C]([C]([H][H][H])[C,2]([C,1][H][H])[C,1]([H][H]))) [4], [H]([C]([C,1]([C,2][H][H])[C,2]([C]([H][H][H])[H])[H])) [5, 6, 7, 8], [H]([C]([C]([C,2]([C,1][H][H])[C,1]([H][H])[H])[H][H])) [9, 10, 11], [H] [12, 13]]
trying all of [12]
Saturating orbit : [C]([C]([C][C]([H][H][H])[H])) [2, 3]
first atom 2
saturating atom 2 in C0C1C2C3H4H5H6H7H8H9H10H11H12H13 { 0-4(1) 0-1(1) 0-2(1) 0-3(1) 1-5(1) 1-6(1) 1-7(1) } 
Orbits : [[C]([C][C][C]([H][H][H])[H]) [0], [C]([C]([C][C][H])[H][H][H]) [1], [C]([C]([C][C]([H][H][H])[H])) [2, 3], [H]([C]([C][C][C]([H][H][H]))) [4], [H]([C]([C]([C][C][H])[H][H])) [5, 6, 7], [H] [8, 9, 10, 11, 12, 13]]
trying all of [2, 8]
bonding 2 and 8 (C-H)
C0C1C2C3H4H5H6H7H8H9H10H11H12H13 { 0-4(1) 0-1(1) 0-2(1) 0-3(1) 1-5(1) 1-6(1) 1-7(1) 2-8(1) }  is canonical?true
passed all tests
saturating atom 2 in C0C1C2C3H4H5H6H7H8H9H10H11H12H13 { 0-4(1) 0-1(1) 0-2(1) 0-3(1) 1-5(1) 1-6(1) 1-7(1) 2-8(1) } 
Orbits : [[C]([C][C]([H])[C]([H][H][H])[H]) [0], [C]([C]([C][C]([H])[H])[H][H][H]) [1], [C]([C]([C][C]([H][H][H])[H])[H]) [2], [C]([C]([C]([H])[C]([H][H][H])[H])) [3], [H]([C]([C][C]([H])[C]([H][H][H]))) [4], [H]([C]([C]([C][C]([H])[H])[H][H])) [5, 6, 7], [H]([C]([C]([C][C]([H][H][H])[H]))) [8], [H] [9, 10, 11, 12, 13]]
trying all of [2, 3, 9]
bonding 2 and 3 (C-C)
C0C1C2C3H4H5H6H7H8H9H10H11H12H13 { 0-4(1) 0-1(1) 0-2(1) 0-3(1) 1-5(1) 1-6(1) 1-7(1) 2-8(1) 2-3(1) }  is canonical?true
passed all tests
saturating atom 2 in C0C1C2C3H4H5H6H7H8H9H10H11H12H13 { 0-4(1) 0-1(1) 0-2(1) 0-3(1) 1-5(1) 1-6(1) 1-7(1) 2-8(1) 2-3(1) } 
Orbits : [[C]([C,1]([C,2])[C,2]([H])[C]([H][H][H])[H]) [0], [C]([C]([C,1]([C,2])[C,2]([H])[H])[H][H][H]) [1], [C]([C,1]([C,2])[C,2]([C]([H][H][H])[H])[H]) [2], [C]([C,1]([C,2][H])[C,2]([C]([H][H][H])[H])) [3], [H]([C]([C,1]([C,2])[C,2]([H])[C]([H][H][H]))) [4], [H]([C]([C]([C,1]([C,2])[C,2]([H])[H])[H][H])) [5, 6, 7], [H]([C]([C,1]([C,2])[C,2]([C]([H][H][H])[H]))) [8], [H] [9, 10, 11, 12, 13]]
trying all of [2, 3, 9]
bonding 2 and 3 (C-C)
C0C1C2C3H4H5H6H7H8H9H10H11H12H13 { 0-4(1) 0-1(1) 0-2(1) 0-3(1) 1-5(1) 1-6(1) 1-7(1) 2-8(1) 2-3(2) }  is canonical?true
passed all tests
saturating atom 2 in C0C1C2C3H4H5H6H7H8H9H10H11H12H13 { 0-4(1) 0-1(1) 0-2(1) 0-3(1) 1-5(1) 1-6(1) 1-7(1) 2-8(1) 2-3(2) } 
2 is already saturated
bonding 2 and 9 (C-H)
C0C1C2C3H4H5H6H7H8H9H10H11H12H13 { 0-4(1) 0-1(1) 0-2(1) 0-3(1) 1-5(1) 1-6(1) 1-7(1) 2-8(1) 2-3(1) 2-9(1) }  is canonical?false
bonding 2 and 9 (C-H)
C0C1C2C3H4H5H6H7H8H9H10H11H12H13 { 0-4(1) 0-1(1) 0-2(1) 0-3(1) 1-5(1) 1-6(1) 1-7(1) 2-8(1) 2-9(1) }  is canonical?true
passed all tests
saturating atom 2 in C0C1C2C3H4H5H6H7H8H9H10H11H12H13 { 0-4(1) 0-1(1) 0-2(1) 0-3(1) 1-5(1) 1-6(1) 1-7(1) 2-8(1) 2-9(1) } 
Orbits : [[C]([C][C]([H][H])[C]([H][H][H])[H]) [0], [C]([C]([C][C]([H][H])[H])[H][H][H]) [1], [C]([C]([C][C]([H][H][H])[H])[H][H]) [2], [C]([C]([C]([H][H])[C]([H][H][H])[H])) [3], [H]([C]([C][C]([H][H])[C]([H][H][H]))) [4], [H]([C]([C]([C][C]([H][H])[H])[H][H])) [5, 6, 7], [H]([C]([C]([C][C]([H][H][H])[H])[H])) [8, 9], [H] [10, 11, 12, 13]]
trying all of [2, 3, 10]
bonding 2 and 3 (C-C)
C0C1C2C3H4H5H6H7H8H9H10H11H12H13 { 0-4(1) 0-1(1) 0-2(1) 0-3(1) 1-5(1) 1-6(1) 1-7(1) 2-8(1) 2-9(1) 2-3(1) }  is canonical?false
bonding 2 and 10 (C-H)
C0C1C2C3H4H5H6H7H8H9H10H11H12H13 { 0-4(1) 0-1(1) 0-2(1) 0-3(1) 1-5(1) 1-6(1) 1-7(1) 2-8(1) 2-9(1) 2-10(1) }  is canonical?true
passed all tests
saturating atom 2 in C0C1C2C3H4H5H6H7H8H9H10H11H12H13 { 0-4(1) 0-1(1) 0-2(1) 0-3(1) 1-5(1) 1-6(1) 1-7(1) 2-8(1) 2-9(1) 2-10(1) } 
2 is already saturated
Saturating orbit : [C]([C]([C][C]([H][H][H])[H])) [3]
first atom 3
saturating atom 3 in C0C1C2C3H4H5H6H7H8H9H10H11H12H13 { 0-4(1) 0-1(1) 0-2(1) 0-3(1) 1-5(1) 1-6(1) 1-7(1) 2-8(1) 2-3(2) } 
Orbits : [[C]([C,1](=[C,2])[C,2]([H])[C]([H][H][H])[H]) [0], [C]([C]([C,1](=[C,2])[C,2]([H])[H])[H][H][H]) [1], [C](=[C,1]([C,2])[C,2]([C]([H][H][H])[H])[H]) [2], [C](=[C,1]([C,2][H])[C,2]([C]([H][H][H])[H])) [3], [H]([C]([C,1](=[C,2])[C,2]([H])[C]([H][H][H]))) [4], [H]([C]([C]([C,1](=[C,2])[C,2]([H])[H])[H][H])) [5, 6, 7], [H]([C](=[C,1]([C,2])[C,2]([C]([H][H][H])[H]))) [8], [H] [9, 10, 11, 12, 13]]
trying all of [3, 9]
bonding 3 and 9 (C-H)
C0C1C2C3H4H5H6H7H8H9H10H11H12H13 { 0-4(1) 0-1(1) 0-2(1) 0-3(1) 1-5(1) 1-6(1) 1-7(1) 2-8(1) 2-3(2) 3-9(1) }  is canonical?true
passed all tests
saturating atom 3 in C0C1C2C3H4H5H6H7H8H9H10H11H12H13 { 0-4(1) 0-1(1) 0-2(1) 0-3(1) 1-5(1) 1-6(1) 1-7(1) 2-8(1) 2-3(2) 3-9(1) } 
3 is already saturated
Saturating orbit : [C]([C]([C][C]([H][H][H])[H])) []
orbit empty
Saturating orbit : [C]([C]([C][C]([H][H][H])[H])) []
orbit empty
Saturating orbit : [H] [10, 11, 12, 13]
first atom 10
saturating atom 10 in C0C1C2C3H4H5H6H7H8H9H10H11H12H13 { 0-4(1) 0-1(1) 0-2(1) 0-3(1) 1-5(1) 1-6(1) 1-7(1) 2-8(1) 2-3(2) 3-9(1) } 
Orbits : [[C]([C,2](=[C,1][H])[C]([H][H][H])[C,1]([H])[H]) [0], [C]([C]([C,2](=[C,1][H])[C,1]([H])[H])[H][H][H]) [1], [C](=[C,1]([C,2][H])[C,2]([C]([H][H][H])[H])[H]) [2, 3], [H]([C]([C,2](=[C,1][H])[C]([H][H][H])[C,1]([H]))) [4], [H]([C]([C]([C,2](=[C,1][H])[C,1]([H])[H])[H][H])) [5, 6, 7], [H]([C](=[C,1]([C,2][H])[C,2]([C]([H][H][H])[H]))) [8, 9], [H] [10, 11, 12, 13]]
trying all of [10]
Saturating orbit : [C]([C]([C]([H][H][H])[C]([H][H][H])[H])) [3]
first atom 3
saturating atom 3 in C0C1C2C3H4H5H6H7H8H9H10H11H12H13 { 0-4(1) 0-1(1) 0-2(1) 0-3(1) 1-5(1) 1-6(1) 1-7(1) 2-8(1) 2-9(1) 2-10(1) } 
Orbits : [[C]([C][C]([H][H][H])[C]([H][H][H])[H]) [0], [C]([C]([C][C]([H][H][H])[H])[H][H][H]) [1, 2], [C]([C]([C]([H][H][H])[C]([H][H][H])[H])) [3], [H]([C]([C][C]([H][H][H])[C]([H][H][H]))) [4], [H]([C]([C]([C][C]([H][H][H])[H])[H][H])) [5, 6, 7, 8, 9, 10], [H] [11, 12, 13]]
trying all of [3, 11]
bonding 3 and 11 (C-H)
C0C1C2C3H4H5H6H7H8H9H10H11H12H13 { 0-4(1) 0-1(1) 0-2(1) 0-3(1) 1-5(1) 1-6(1) 1-7(1) 2-8(1) 2-9(1) 2-10(1) 3-11(1) }  is canonical?false
Saturating orbit : [C]([C]([C][H][H])) [1, 2]
first atom 1
saturating atom 1 in C0C1C2C3H4H5H6H7H8H9H10H11H12H13 { 0-4(1) 0-1(1) 0-2(1) 0-5(1) } 
Orbits : [[C]([C][C][H][H]) [0], [C]([C]([C][H][H])) [1, 2], [C] [3], [H]([C]([C][C][H])) [4, 5], [H] [6, 7, 8, 9, 10, 11, 12, 13]]
trying all of [1, 3, 6]
bonding 1 and 3 (C-C)
C0C1C2C3H4H5H6H7H8H9H10H11H12H13 { 0-4(1) 0-1(1) 0-2(1) 0-5(1) 1-3(1) }  is canonical?false
bonding 1 and 6 (C-H)
C0C1C2C3H4H5H6H7H8H9H10H11H12H13 { 0-4(1) 0-1(1) 0-2(1) 0-5(1) 1-6(1) }  is canonical?true
passed all tests
saturating atom 1 in C0C1C2C3H4H5H6H7H8H9H10H11H12H13 { 0-4(1) 0-1(1) 0-2(1) 0-5(1) 1-6(1) } 
Orbits : [[C]([C][C]([H])[H][H]) [0], [C]([C]([C][H][H])[H]) [1], [C]([C]([C]([H])[H][H])) [2], [C] [3], [H]([C]([C][C]([H])[H])) [4, 5], [H]([C]([C]([C][H][H]))) [6], [H] [7, 8, 9, 10, 11, 12, 13]]
trying all of [1, 2, 3, 7]
bonding 1 and 2 (C-C)
C0C1C2C3H4H5H6H7H8H9H10H11H12H13 { 0-4(1) 0-1(1) 0-2(1) 0-5(1) 1-6(1) 1-2(1) }  is canonical?true
passed all tests
saturating atom 1 in C0C1C2C3H4H5H6H7H8H9H10H11H12H13 { 0-4(1) 0-1(1) 0-2(1) 0-5(1) 1-6(1) 1-2(1) } 
Orbits : [[C]([C,1]([C,2])[C,2]([H])[H][H]) [0], [C]([C,1]([C,2])[C,2]([H][H])[H]) [1], [C]([C,1]([C,2][H])[C,2]([H][H])) [2], [C] [3], [H]([C]([C,1]([C,2])[C,2]([H])[H])) [4, 5], [H]([C]([C,1]([C,2])[C,2]([H][H]))) [6], [H] [7, 8, 9, 10, 11, 12, 13]]
trying all of [1, 2, 3, 7]
bonding 1 and 2 (C-C)
C0C1C2C3H4H5H6H7H8H9H10H11H12H13 { 0-4(1) 0-1(1) 0-2(1) 0-5(1) 1-6(1) 1-2(2) }  is canonical?true
passed all tests
saturating atom 1 in C0C1C2C3H4H5H6H7H8H9H10H11H12H13 { 0-4(1) 0-1(1) 0-2(1) 0-5(1) 1-6(1) 1-2(2) } 
1 is already saturated
bonding 1 and 3 (C-C)
C0C1C2C3H4H5H6H7H8H9H10H11H12H13 { 0-4(1) 0-1(1) 0-2(1) 0-5(1) 1-6(1) 1-2(1) 1-3(1) }  is canonical?false
bonding 1 and 7 (C-H)
C0C1C2C3H4H5H6H7H8H9H10H11H12H13 { 0-4(1) 0-1(1) 0-2(1) 0-5(1) 1-6(1) 1-2(1) 1-7(1) }  is canonical?true
passed all tests
saturating atom 1 in C0C1C2C3H4H5H6H7H8H9H10H11H12H13 { 0-4(1) 0-1(1) 0-2(1) 0-5(1) 1-6(1) 1-2(1) 1-7(1) } 
1 is already saturated
bonding 1 and 3 (C-C)
C0C1C2C3H4H5H6H7H8H9H10H11H12H13 { 0-4(1) 0-1(1) 0-2(1) 0-5(1) 1-6(1) 1-3(1) }  is canonical?false
bonding 1 and 7 (C-H)
C0C1C2C3H4H5H6H7H8H9H10H11H12H13 { 0-4(1) 0-1(1) 0-2(1) 0-5(1) 1-6(1) 1-7(1) }  is canonical?true
passed all tests
saturating atom 1 in C0C1C2C3H4H5H6H7H8H9H10H11H12H13 { 0-4(1) 0-1(1) 0-2(1) 0-5(1) 1-6(1) 1-7(1) } 
Orbits : [[C]([C][C]([H][H])[H][H]) [0], [C]([C]([C][H][H])[H][H]) [1], [C]([C]([C]([H][H])[H][H])) [2], [C] [3], [H]([C]([C][C]([H][H])[H])) [4, 5], [H]([C]([C]([C][H][H])[H])) [6, 7], [H] [8, 9, 10, 11, 12, 13]]
trying all of [1, 2, 3, 8]
bonding 1 and 2 (C-C)
C0C1C2C3H4H5H6H7H8H9H10H11H12H13 { 0-4(1) 0-1(1) 0-2(1) 0-5(1) 1-6(1) 1-7(1) 1-2(1) }  is canonical?true
passed all tests
saturating atom 1 in C0C1C2C3H4H5H6H7H8H9H10H11H12H13 { 0-4(1) 0-1(1) 0-2(1) 0-5(1) 1-6(1) 1-7(1) 1-2(1) } 
1 is already saturated
bonding 1 and 3 (C-C)
C0C1C2C3H4H5H6H7H8H9H10H11H12H13 { 0-4(1) 0-1(1) 0-2(1) 0-5(1) 1-6(1) 1-7(1) 1-3(1) }  is canonical?false
bonding 1 and 8 (C-H)
C0C1C2C3H4H5H6H7H8H9H10H11H12H13 { 0-4(1) 0-1(1) 0-2(1) 0-5(1) 1-6(1) 1-7(1) 1-8(1) }  is canonical?true
passed all tests
saturating atom 1 in C0C1C2C3H4H5H6H7H8H9H10H11H12H13 { 0-4(1) 0-1(1) 0-2(1) 0-5(1) 1-6(1) 1-7(1) 1-8(1) } 
1 is already saturated
Saturating orbit : [C]([C]([C][H][H])) [2]
first atom 2
saturating atom 2 in C0C1C2C3H4H5H6H7H8H9H10H11H12H13 { 0-4(1) 0-1(1) 0-2(1) 0-5(1) 1-6(1) 1-2(2) } 
Orbits : [[C]([C,1](=[C,2])[C,2]([H])[H][H]) [0], [C](=[C,1]([C,2])[C,2]([H][H])[H]) [1], [C](=[C,1]([C,2][H])[C,2]([H][H])) [2], [C] [3], [H]([C]([C,1](=[C,2])[C,2]([H])[H])) [4, 5], [H]([C](=[C,1]([C,2])[C,2]([H][H]))) [6], [H] [7, 8, 9, 10, 11, 12, 13]]
trying all of [2, 3, 7]
bonding 2 and 3 (C-C)
C0C1C2C3H4H5H6H7H8H9H10H11H12H13 { 0-4(1) 0-1(1) 0-2(1) 0-5(1) 1-6(1) 1-2(2) 2-3(1) }  is canonical?false
bonding 2 and 7 (C-H)
C0C1C2C3H4H5H6H7H8H9H10H11H12H13 { 0-4(1) 0-1(1) 0-2(1) 0-5(1) 1-6(1) 1-2(2) 2-7(1) }  is canonical?true
passed all tests
saturating atom 2 in C0C1C2C3H4H5H6H7H8H9H10H11H12H13 { 0-4(1) 0-1(1) 0-2(1) 0-5(1) 1-6(1) 1-2(2) 2-7(1) } 
2 is already saturated
Saturating orbit : [C]([C]([C][H][H])) []
orbit empty
Saturating orbit : [C]([C]([C][H][H])) []
orbit empty
Saturating orbit : [C]([C]([C][H][H])) []
orbit empty
Saturating orbit : [C]([C]([C][H][H])) []
orbit empty
Saturating orbit : [C] [3]
first atom 3
saturating atom 3 in C0C1C2C3H4H5H6H7H8H9H10H11H12H13 { 0-4(1) 0-1(1) 0-2(1) 0-5(1) 1-6(1) 1-2(2) 2-7(1) } 
Orbits : [[C]([C,1](=[C,2][H])[C,2]([H])[H][H]) [0], [C](=[C,1]([C,2][H])[C,2]([H][H])[H]) [1, 2], [C] [3], [H]([C]([C,1](=[C,2][H])[C,2]([H])[H])) [4, 5], [H]([C](=[C,1]([C,2][H])[C,2]([H][H]))) [6, 7], [H] [8, 9, 10, 11, 12, 13]]
trying all of [3, 8]
bonding 3 and 8 (C-H)
C0C1C2C3H4H5H6H7H8H9H10H11H12H13 { 0-4(1) 0-1(1) 0-2(1) 0-5(1) 1-6(1) 1-2(2) 2-7(1) 3-8(1) }  is canonical?false
Saturating orbit : [C]([C,2]([C,1][H][H])[C,1]([H][H])) [2]
first atom 2
saturating atom 2 in C0C1C2C3H4H5H6H7H8H9H10H11H12H13 { 0-4(1) 0-1(1) 0-2(1) 0-5(1) 1-6(1) 1-2(1) 1-7(1) } 
Orbits : [[C]([C,1]([C,2])[C,2]([H][H])[H][H]) [0, 1], [C]([C,2]([C,1][H][H])[C,1]([H][H])) [2], [C] [3], [H]([C]([C,1]([C,2])[C,2]([H][H])[H])) [4, 5, 6, 7], [H] [8, 9, 10, 11, 12, 13]]
trying all of [2, 3, 8]
bonding 2 and 3 (C-C)
C0C1C2C3H4H5H6H7H8H9H10H11H12H13 { 0-4(1) 0-1(1) 0-2(1) 0-5(1) 1-6(1) 1-2(1) 1-7(1) 2-3(1) }  is canonical?false
bonding 2 and 8 (C-H)
C0C1C2C3H4H5H6H7H8H9H10H11H12H13 { 0-4(1) 0-1(1) 0-2(1) 0-5(1) 1-6(1) 1-2(1) 1-7(1) 2-8(1) }  is canonical?true
passed all tests
saturating atom 2 in C0C1C2C3H4H5H6H7H8H9H10H11H12H13 { 0-4(1) 0-1(1) 0-2(1) 0-5(1) 1-6(1) 1-2(1) 1-7(1) 2-8(1) } 
Orbits : [[C]([C,1]([C,2][H])[C,2]([H][H])[H][H]) [0, 1], [C]([C,2]([C,1][H][H])[C,1]([H][H])[H]) [2], [C] [3], [H]([C]([C,1]([C,2][H])[C,2]([H][H])[H])) [4, 5, 6, 7], [H]([C]([C,2]([C,1][H][H])[C,1]([H][H]))) [8], [H] [9, 10, 11, 12, 13]]
trying all of [2, 3, 9]
bonding 2 and 3 (C-C)
C0C1C2C3H4H5H6H7H8H9H10H11H12H13 { 0-4(1) 0-1(1) 0-2(1) 0-5(1) 1-6(1) 1-2(1) 1-7(1) 2-8(1) 2-3(1) }  is canonical?false
bonding 2 and 9 (C-H)
C0C1C2C3H4H5H6H7H8H9H10H11H12H13 { 0-4(1) 0-1(1) 0-2(1) 0-5(1) 1-6(1) 1-2(1) 1-7(1) 2-8(1) 2-9(1) }  is canonical?true
passed all tests
saturating atom 2 in C0C1C2C3H4H5H6H7H8H9H10H11H12H13 { 0-4(1) 0-1(1) 0-2(1) 0-5(1) 1-6(1) 1-2(1) 1-7(1) 2-8(1) 2-9(1) } 
2 is already saturated
Saturating orbit : [C]([C,2]([C,1][H][H])[C,1]([H][H])) []
orbit empty
Saturating orbit : [C] [3]
first atom 3
saturating atom 3 in C0C1C2C3H4H5H6H7H8H9H10H11H12H13 { 0-4(1) 0-1(1) 0-2(1) 0-5(1) 1-6(1) 1-2(1) 1-7(1) 2-8(1) 2-9(1) } 
Orbits : [[C]([C,1]([C,2][H][H])[C,2]([H][H])[H][H]) [0, 1], [C]([C,2]([C,1][H][H])[C,1]([H][H])[H][H]) [2], [C] [3], [H]([C]([C,1]([C,2][H][H])[C,2]([H][H])[H])) [4, 5, 6, 7], [H]([C]([C,2]([C,1][H][H])[C,1]([H][H])[H])) [8, 9], [H] [10, 11, 12, 13]]
trying all of [3, 10]
bonding 3 and 10 (C-H)
C0C1C2C3H4H5H6H7H8H9H10H11H12H13 { 0-4(1) 0-1(1) 0-2(1) 0-5(1) 1-6(1) 1-2(1) 1-7(1) 2-8(1) 2-9(1) 3-10(1) }  is canonical?false
Saturating orbit : [C]([C,2]([C,1][H][H])[C,1]([H][H])) [2]
first atom 2
saturating atom 2 in C0C1C2C3H4H5H6H7H8H9H10H11H12H13 { 0-4(1) 0-1(1) 0-2(1) 0-5(1) 1-6(1) 1-7(1) 1-2(1) } 
Orbits : [[C]([C,1]([C,2])[C,2]([H][H])[H][H]) [0, 1], [C]([C,2]([C,1][H][H])[C,1]([H][H])) [2], [C] [3], [H]([C]([C,1]([C,2])[C,2]([H][H])[H])) [4, 5, 6, 7], [H] [8, 9, 10, 11, 12, 13]]
trying all of [2, 3, 8]
bonding 2 and 3 (C-C)
C0C1C2C3H4H5H6H7H8H9H10H11H12H13 { 0-4(1) 0-1(1) 0-2(1) 0-5(1) 1-6(1) 1-7(1) 1-2(1) 2-3(1) }  is canonical?false
bonding 2 and 8 (C-H)
C0C1C2C3H4H5H6H7H8H9H10H11H12H13 { 0-4(1) 0-1(1) 0-2(1) 0-5(1) 1-6(1) 1-7(1) 1-2(1) 2-8(1) }  is canonical?true
passed all tests
saturating atom 2 in C0C1C2C3H4H5H6H7H8H9H10H11H12H13 { 0-4(1) 0-1(1) 0-2(1) 0-5(1) 1-6(1) 1-7(1) 1-2(1) 2-8(1) } 
Orbits : [[C]([C,1]([C,2][H])[C,2]([H][H])[H][H]) [0, 1], [C]([C,2]([C,1][H][H])[C,1]([H][H])[H]) [2], [C] [3], [H]([C]([C,1]([C,2][H])[C,2]([H][H])[H])) [4, 5, 6, 7], [H]([C]([C,2]([C,1][H][H])[C,1]([H][H]))) [8], [H] [9, 10, 11, 12, 13]]
trying all of [2, 3, 9]
bonding 2 and 3 (C-C)
C0C1C2C3H4H5H6H7H8H9H10H11H12H13 { 0-4(1) 0-1(1) 0-2(1) 0-5(1) 1-6(1) 1-7(1) 1-2(1) 2-8(1) 2-3(1) }  is canonical?false
bonding 2 and 9 (C-H)
C0C1C2C3H4H5H6H7H8H9H10H11H12H13 { 0-4(1) 0-1(1) 0-2(1) 0-5(1) 1-6(1) 1-7(1) 1-2(1) 2-8(1) 2-9(1) }  is canonical?true
passed all tests
saturating atom 2 in C0C1C2C3H4H5H6H7H8H9H10H11H12H13 { 0-4(1) 0-1(1) 0-2(1) 0-5(1) 1-6(1) 1-7(1) 1-2(1) 2-8(1) 2-9(1) } 
2 is already saturated
Saturating orbit : [C]([C,2]([C,1][H][H])[C,1]([H][H])) []
orbit empty
Saturating orbit : [C] [3]
first atom 3
saturating atom 3 in C0C1C2C3H4H5H6H7H8H9H10H11H12H13 { 0-4(1) 0-1(1) 0-2(1) 0-5(1) 1-6(1) 1-7(1) 1-2(1) 2-8(1) 2-9(1) } 
Orbits : [[C]([C,1]([C,2][H][H])[C,2]([H][H])[H][H]) [0, 1], [C]([C,2]([C,1][H][H])[C,1]([H][H])[H][H]) [2], [C] [3], [H]([C]([C,1]([C,2][H][H])[C,2]([H][H])[H])) [4, 5, 6, 7], [H]([C]([C,2]([C,1][H][H])[C,1]([H][H])[H])) [8, 9], [H] [10, 11, 12, 13]]
trying all of [3, 10]
bonding 3 and 10 (C-H)
C0C1C2C3H4H5H6H7H8H9H10H11H12H13 { 0-4(1) 0-1(1) 0-2(1) 0-5(1) 1-6(1) 1-7(1) 1-2(1) 2-8(1) 2-9(1) 3-10(1) }  is canonical?false
Saturating orbit : [C]([C]([C]([H][H][H])[H][H])) [2]
first atom 2
saturating atom 2 in C0C1C2C3H4H5H6H7H8H9H10H11H12H13 { 0-4(1) 0-1(1) 0-2(1) 0-5(1) 1-6(1) 1-7(1) 1-8(1) } 
Orbits : [[C]([C][C]([H][H][H])[H][H]) [0], [C]([C]([C][H][H])[H][H][H]) [1], [C]([C]([C]([H][H][H])[H][H])) [2], [C] [3], [H]([C]([C][C]([H][H][H])[H])) [4, 5], [H]([C]([C]([C][H][H])[H][H])) [6, 7, 8], [H] [9, 10, 11, 12, 13]]
trying all of [2, 3, 9]
bonding 2 and 3 (C-C)
C0C1C2C3H4H5H6H7H8H9H10H11H12H13 { 0-4(1) 0-1(1) 0-2(1) 0-5(1) 1-6(1) 1-7(1) 1-8(1) 2-3(1) }  is canonical?false
bonding 2 and 9 (C-H)
C0C1C2C3H4H5H6H7H8H9H10H11H12H13 { 0-4(1) 0-1(1) 0-2(1) 0-5(1) 1-6(1) 1-7(1) 1-8(1) 2-9(1) }  is canonical?true
passed all tests
saturating atom 2 in C0C1C2C3H4H5H6H7H8H9H10H11H12H13 { 0-4(1) 0-1(1) 0-2(1) 0-5(1) 1-6(1) 1-7(1) 1-8(1) 2-9(1) } 
Orbits : [[C]([C]([H])[C]([H][H][H])[H][H]) [0], [C]([C]([C]([H])[H][H])[H][H][H]) [1], [C]([C]([C]([H][H][H])[H][H])[H]) [2], [C] [3], [H]([C]([C]([H])[C]([H][H][H])[H])) [4, 5], [H]([C]([C]([C]([H])[H][H])[H][H])) [6, 7, 8], [H]([C]([C]([C]([H][H][H])[H][H]))) [9], [H] [10, 11, 12, 13]]
trying all of [2, 3, 10]
bonding 2 and 3 (C-C)
C0C1C2C3H4H5H6H7H8H9H10H11H12H13 { 0-4(1) 0-1(1) 0-2(1) 0-5(1) 1-6(1) 1-7(1) 1-8(1) 2-9(1) 2-3(1) }  is canonical?false
bonding 2 and 10 (C-H)
C0C1C2C3H4H5H6H7H8H9H10H11H12H13 { 0-4(1) 0-1(1) 0-2(1) 0-5(1) 1-6(1) 1-7(1) 1-8(1) 2-9(1) 2-10(1) }  is canonical?true
passed all tests
saturating atom 2 in C0C1C2C3H4H5H6H7H8H9H10H11H12H13 { 0-4(1) 0-1(1) 0-2(1) 0-5(1) 1-6(1) 1-7(1) 1-8(1) 2-9(1) 2-10(1) } 
Orbits : [[C]([C]([H][H])[C]([H][H][H])[H][H]) [0], [C]([C]([C]([H][H])[H][H])[H][H][H]) [1], [C]([C]([C]([H][H][H])[H][H])[H][H]) [2], [C] [3], [H]([C]([C]([H][H])[C]([H][H][H])[H])) [4, 5], [H]([C]([C]([C]([H][H])[H][H])[H][H])) [6, 7, 8], [H]([C]([C]([C]([H][H][H])[H][H])[H])) [9, 10], [H] [11, 12, 13]]
trying all of [2, 3, 11]
bonding 2 and 3 (C-C)
C0C1C2C3H4H5H6H7H8H9H10H11H12H13 { 0-4(1) 0-1(1) 0-2(1) 0-5(1) 1-6(1) 1-7(1) 1-8(1) 2-9(1) 2-10(1) 2-3(1) }  is canonical?false
bonding 2 and 11 (C-H)
C0C1C2C3H4H5H6H7H8H9H10H11H12H13 { 0-4(1) 0-1(1) 0-2(1) 0-5(1) 1-6(1) 1-7(1) 1-8(1) 2-9(1) 2-10(1) 2-11(1) }  is canonical?true
passed all tests
saturating atom 2 in C0C1C2C3H4H5H6H7H8H9H10H11H12H13 { 0-4(1) 0-1(1) 0-2(1) 0-5(1) 1-6(1) 1-7(1) 1-8(1) 2-9(1) 2-10(1) 2-11(1) } 
2 is already saturated
Saturating orbit : [C]([C]([C]([H][H][H])[H][H])) []
orbit empty
Saturating orbit : [C] [3]
first atom 3
saturating atom 3 in C0C1C2C3H4H5H6H7H8H9H10H11H12H13 { 0-4(1) 0-1(1) 0-2(1) 0-5(1) 1-6(1) 1-7(1) 1-8(1) 2-9(1) 2-10(1) 2-11(1) } 
Orbits : [[C]([C]([H][H][H])[C]([H][H][H])[H][H]) [0], [C]([C]([C]([H][H][H])[H][H])[H][H][H]) [1, 2], [C] [3], [H]([C]([C]([H][H][H])[C]([H][H][H])[H])) [4, 5], [H]([C]([C]([C]([H][H][H])[H][H])[H][H])) [6, 7, 8, 9, 10, 11], [H] [12, 13]]
trying all of [3, 12]
bonding 3 and 12 (C-H)
C0C1C2C3H4H5H6H7H8H9H10H11H12H13 { 0-4(1) 0-1(1) 0-2(1) 0-5(1) 1-6(1) 1-7(1) 1-8(1) 2-9(1) 2-10(1) 2-11(1) 3-12(1) }  is canonical?false
Saturating orbit : [C](=[C]([H][H])) [1]
first atom 1
saturating atom 1 in C0C1C2C3H4H5H6H7H8H9H10H11H12H13 { 0-4(1) 0-1(2) 0-5(1) } 
Orbits : [[C](=[C][H][H]) [0], [C](=[C]([H][H])) [1], [C] [2, 3], [H]([C](=[C][H])) [4, 5], [H] [6, 7, 8, 9, 10, 11, 12, 13]]
trying all of [1, 2, 6]
bonding 1 and 2 (C-C)
C0C1C2C3H4H5H6H7H8H9H10H11H12H13 { 0-4(1) 0-1(2) 0-5(1) 1-2(1) }  is canonical?false
bonding 1 and 6 (C-H)
C0C1C2C3H4H5H6H7H8H9H10H11H12H13 { 0-4(1) 0-1(2) 0-5(1) 1-6(1) }  is canonical?true
passed all tests
saturating atom 1 in C0C1C2C3H4H5H6H7H8H9H10H11H12H13 { 0-4(1) 0-1(2) 0-5(1) 1-6(1) } 
Orbits : [[C](=[C]([H])[H][H]) [0], [C](=[C]([H][H])[H]) [1], [C] [2, 3], [H]([C](=[C]([H])[H])) [4, 5], [H]([C](=[C]([H][H]))) [6], [H] [7, 8, 9, 10, 11, 12, 13]]
trying all of [1, 2, 7]
bonding 1 and 2 (C-C)
C0C1C2C3H4H5H6H7H8H9H10H11H12H13 { 0-4(1) 0-1(2) 0-5(1) 1-6(1) 1-2(1) }  is canonical?false
bonding 1 and 7 (C-H)
C0C1C2C3H4H5H6H7H8H9H10H11H12H13 { 0-4(1) 0-1(2) 0-5(1) 1-6(1) 1-7(1) }  is canonical?true
passed all tests
saturating atom 1 in C0C1C2C3H4H5H6H7H8H9H10H11H12H13 { 0-4(1) 0-1(2) 0-5(1) 1-6(1) 1-7(1) } 
1 is already saturated
Saturating orbit : [C](=[C]([H][H])) []
orbit empty
Saturating orbit : [C] [2, 3]
first atom 2
saturating atom 2 in C0C1C2C3H4H5H6H7H8H9H10H11H12H13 { 0-4(1) 0-1(2) 0-5(1) 1-6(1) 1-7(1) } 
Orbits : [[C](=[C]([H][H])[H][H]) [0, 1], [C] [2, 3], [H]([C](=[C]([H][H])[H])) [4, 5, 6, 7], [H] [8, 9, 10, 11, 12, 13]]
trying all of [2, 8]
bonding 2 and 8 (C-H)
C0C1C2C3H4H5H6H7H8H9H10H11H12H13 { 0-4(1) 0-1(2) 0-5(1) 1-6(1) 1-7(1) 2-8(1) }  is canonical?false
Saturating orbit : [C]([C]([C][H][H])) [1, 2]
first atom 1
saturating atom 1 in C0C1C2C3H4H5H6H7H8H9H10H11H12H13 { 0-4(1) 0-1(1) 0-5(1) 0-2(1) } 
Orbits : [[C]([C][C][H][H]) [0], [C]([C]([C][H][H])) [1, 2], [C] [3], [H]([C]([C][C][H])) [4, 5], [H] [6, 7, 8, 9, 10, 11, 12, 13]]
trying all of [1, 3, 6]
bonding 1 and 3 (C-C)
C0C1C2C3H4H5H6H7H8H9H10H11H12H13 { 0-4(1) 0-1(1) 0-5(1) 0-2(1) 1-3(1) }  is canonical?false
bonding 1 and 6 (C-H)
C0C1C2C3H4H5H6H7H8H9H10H11H12H13 { 0-4(1) 0-1(1) 0-5(1) 0-2(1) 1-6(1) }  is canonical?true
passed all tests
saturating atom 1 in C0C1C2C3H4H5H6H7H8H9H10H11H12H13 { 0-4(1) 0-1(1) 0-5(1) 0-2(1) 1-6(1) } 
Orbits : [[C]([C][C]([H])[H][H]) [0], [C]([C]([C][H][H])[H]) [1], [C]([C]([C]([H])[H][H])) [2], [C] [3], [H]([C]([C][C]([H])[H])) [4, 5], [H]([C]([C]([C][H][H]))) [6], [H] [7, 8, 9, 10, 11, 12, 13]]
trying all of [1, 2, 3, 7]
bonding 1 and 2 (C-C)
C0C1C2C3H4H5H6H7H8H9H10H11H12H13 { 0-4(1) 0-1(1) 0-5(1) 0-2(1) 1-6(1) 1-2(1) }  is canonical?true
passed all tests
saturating atom 1 in C0C1C2C3H4H5H6H7H8H9H10H11H12H13 { 0-4(1) 0-1(1) 0-5(1) 0-2(1) 1-6(1) 1-2(1) } 
Orbits : [[C]([C,1]([C,2])[C,2]([H])[H][H]) [0], [C]([C,1]([C,2])[C,2]([H][H])[H]) [1], [C]([C,1]([C,2][H])[C,2]([H][H])) [2], [C] [3], [H]([C]([C,1]([C,2])[C,2]([H])[H])) [4, 5], [H]([C]([C,1]([C,2])[C,2]([H][H]))) [6], [H] [7, 8, 9, 10, 11, 12, 13]]
trying all of [1, 2, 3, 7]
bonding 1 and 2 (C-C)
C0C1C2C3H4H5H6H7H8H9H10H11H12H13 { 0-4(1) 0-1(1) 0-5(1) 0-2(1) 1-6(1) 1-2(2) }  is canonical?true
passed all tests
saturating atom 1 in C0C1C2C3H4H5H6H7H8H9H10H11H12H13 { 0-4(1) 0-1(1) 0-5(1) 0-2(1) 1-6(1) 1-2(2) } 
1 is already saturated
bonding 1 and 3 (C-C)
C0C1C2C3H4H5H6H7H8H9H10H11H12H13 { 0-4(1) 0-1(1) 0-5(1) 0-2(1) 1-6(1) 1-2(1) 1-3(1) }  is canonical?false
bonding 1 and 7 (C-H)
C0C1C2C3H4H5H6H7H8H9H10H11H12H13 { 0-4(1) 0-1(1) 0-5(1) 0-2(1) 1-6(1) 1-2(1) 1-7(1) }  is canonical?true
passed all tests
saturating atom 1 in C0C1C2C3H4H5H6H7H8H9H10H11H12H13 { 0-4(1) 0-1(1) 0-5(1) 0-2(1) 1-6(1) 1-2(1) 1-7(1) } 
1 is already saturated
bonding 1 and 3 (C-C)
C0C1C2C3H4H5H6H7H8H9H10H11H12H13 { 0-4(1) 0-1(1) 0-5(1) 0-2(1) 1-6(1) 1-3(1) }  is canonical?false
bonding 1 and 7 (C-H)
C0C1C2C3H4H5H6H7H8H9H10H11H12H13 { 0-4(1) 0-1(1) 0-5(1) 0-2(1) 1-6(1) 1-7(1) }  is canonical?true
passed all tests
saturating atom 1 in C0C1C2C3H4H5H6H7H8H9H10H11H12H13 { 0-4(1) 0-1(1) 0-5(1) 0-2(1) 1-6(1) 1-7(1) } 
Orbits : [[C]([C][C]([H][H])[H][H]) [0], [C]([C]([C][H][H])[H][H]) [1], [C]([C]([C]([H][H])[H][H])) [2], [C] [3], [H]([C]([C][C]([H][H])[H])) [4, 5], [H]([C]([C]([C][H][H])[H])) [6, 7], [H] [8, 9, 10, 11, 12, 13]]
trying all of [1, 2, 3, 8]
bonding 1 and 2 (C-C)
C0C1C2C3H4H5H6H7H8H9H10H11H12H13 { 0-4(1) 0-1(1) 0-5(1) 0-2(1) 1-6(1) 1-7(1) 1-2(1) }  is canonical?true
passed all tests
saturating atom 1 in C0C1C2C3H4H5H6H7H8H9H10H11H12H13 { 0-4(1) 0-1(1) 0-5(1) 0-2(1) 1-6(1) 1-7(1) 1-2(1) } 
1 is already saturated
bonding 1 and 3 (C-C)
C0C1C2C3H4H5H6H7H8H9H10H11H12H13 { 0-4(1) 0-1(1) 0-5(1) 0-2(1) 1-6(1) 1-7(1) 1-3(1) }  is canonical?false
bonding 1 and 8 (C-H)
C0C1C2C3H4H5H6H7H8H9H10H11H12H13 { 0-4(1) 0-1(1) 0-5(1) 0-2(1) 1-6(1) 1-7(1) 1-8(1) }  is canonical?true
passed all tests
saturating atom 1 in C0C1C2C3H4H5H6H7H8H9H10H11H12H13 { 0-4(1) 0-1(1) 0-5(1) 0-2(1) 1-6(1) 1-7(1) 1-8(1) } 
1 is already saturated
Saturating orbit : [C]([C]([C][H][H])) [2]
first atom 2
saturating atom 2 in C0C1C2C3H4H5H6H7H8H9H10H11H12H13 { 0-4(1) 0-1(1) 0-5(1) 0-2(1) 1-6(1) 1-2(2) } 
Orbits : [[C]([C,1](=[C,2])[C,2]([H])[H][H]) [0], [C](=[C,1]([C,2])[C,2]([H][H])[H]) [1], [C](=[C,1]([C,2][H])[C,2]([H][H])) [2], [C] [3], [H]([C]([C,1](=[C,2])[C,2]([H])[H])) [4, 5], [H]([C](=[C,1]([C,2])[C,2]([H][H]))) [6], [H] [7, 8, 9, 10, 11, 12, 13]]
trying all of [2, 3, 7]
bonding 2 and 3 (C-C)
C0C1C2C3H4H5H6H7H8H9H10H11H12H13 { 0-4(1) 0-1(1) 0-5(1) 0-2(1) 1-6(1) 1-2(2) 2-3(1) }  is canonical?false
bonding 2 and 7 (C-H)
C0C1C2C3H4H5H6H7H8H9H10H11H12H13 { 0-4(1) 0-1(1) 0-5(1) 0-2(1) 1-6(1) 1-2(2) 2-7(1) }  is canonical?true
passed all tests
saturating atom 2 in C0C1C2C3H4H5H6H7H8H9H10H11H12H13 { 0-4(1) 0-1(1) 0-5(1) 0-2(1) 1-6(1) 1-2(2) 2-7(1) } 
2 is already saturated
Saturating orbit : [C]([C]([C][H][H])) []
orbit empty
Saturating orbit : [C]([C]([C][H][H])) []
orbit empty
Saturating orbit : [C]([C]([C][H][H])) []
orbit empty
Saturating orbit : [C]([C]([C][H][H])) []
orbit empty
Saturating orbit : [C] [3]
first atom 3
saturating atom 3 in C0C1C2C3H4H5H6H7H8H9H10H11H12H13 { 0-4(1) 0-1(1) 0-5(1) 0-2(1) 1-6(1) 1-2(2) 2-7(1) } 
Orbits : [[C]([C,1](=[C,2][H])[C,2]([H])[H][H]) [0], [C](=[C,1]([C,2][H])[C,2]([H][H])[H]) [1, 2], [C] [3], [H]([C]([C,1](=[C,2][H])[C,2]([H])[H])) [4, 5], [H]([C](=[C,1]([C,2][H])[C,2]([H][H]))) [6, 7], [H] [8, 9, 10, 11, 12, 13]]
trying all of [3, 8]
bonding 3 and 8 (C-H)
C0C1C2C3H4H5H6H7H8H9H10H11H12H13 { 0-4(1) 0-1(1) 0-5(1) 0-2(1) 1-6(1) 1-2(2) 2-7(1) 3-8(1) }  is canonical?false
Saturating orbit : [C]([C,2]([C,1][H][H])[C,1]([H][H])) [2]
first atom 2
saturating atom 2 in C0C1C2C3H4H5H6H7H8H9H10H11H12H13 { 0-4(1) 0-1(1) 0-5(1) 0-2(1) 1-6(1) 1-2(1) 1-7(1) } 
Orbits : [[C]([C,1]([C,2])[C,2]([H][H])[H][H]) [0, 1], [C]([C,2]([C,1][H][H])[C,1]([H][H])) [2], [C] [3], [H]([C]([C,1]([C,2])[C,2]([H][H])[H])) [4, 5, 6, 7], [H] [8, 9, 10, 11, 12, 13]]
trying all of [2, 3, 8]
bonding 2 and 3 (C-C)
C0C1C2C3H4H5H6H7H8H9H10H11H12H13 { 0-4(1) 0-1(1) 0-5(1) 0-2(1) 1-6(1) 1-2(1) 1-7(1) 2-3(1) }  is canonical?false
bonding 2 and 8 (C-H)
C0C1C2C3H4H5H6H7H8H9H10H11H12H13 { 0-4(1) 0-1(1) 0-5(1) 0-2(1) 1-6(1) 1-2(1) 1-7(1) 2-8(1) }  is canonical?true
passed all tests
saturating atom 2 in C0C1C2C3H4H5H6H7H8H9H10H11H12H13 { 0-4(1) 0-1(1) 0-5(1) 0-2(1) 1-6(1) 1-2(1) 1-7(1) 2-8(1) } 
Orbits : [[C]([C,1]([C,2][H])[C,2]([H][H])[H][H]) [0, 1], [C]([C,2]([C,1][H][H])[C,1]([H][H])[H]) [2], [C] [3], [H]([C]([C,1]([C,2][H])[C,2]([H][H])[H])) [4, 5, 6, 7], [H]([C]([C,2]([C,1][H][H])[C,1]([H][H]))) [8], [H] [9, 10, 11, 12, 13]]
trying all of [2, 3, 9]
bonding 2 and 3 (C-C)
C0C1C2C3H4H5H6H7H8H9H10H11H12H13 { 0-4(1) 0-1(1) 0-5(1) 0-2(1) 1-6(1) 1-2(1) 1-7(1) 2-8(1) 2-3(1) }  is canonical?false
bonding 2 and 9 (C-H)
C0C1C2C3H4H5H6H7H8H9H10H11H12H13 { 0-4(1) 0-1(1) 0-5(1) 0-2(1) 1-6(1) 1-2(1) 1-7(1) 2-8(1) 2-9(1) }  is canonical?true
passed all tests
saturating atom 2 in C0C1C2C3H4H5H6H7H8H9H10H11H12H13 { 0-4(1) 0-1(1) 0-5(1) 0-2(1) 1-6(1) 1-2(1) 1-7(1) 2-8(1) 2-9(1) } 
2 is already saturated
Saturating orbit : [C]([C,2]([C,1][H][H])[C,1]([H][H])) []
orbit empty
Saturating orbit : [C] [3]
first atom 3
saturating atom 3 in C0C1C2C3H4H5H6H7H8H9H10H11H12H13 { 0-4(1) 0-1(1) 0-5(1) 0-2(1) 1-6(1) 1-2(1) 1-7(1) 2-8(1) 2-9(1) } 
Orbits : [[C]([C,1]([C,2][H][H])[C,2]([H][H])[H][H]) [0, 1], [C]([C,2]([C,1][H][H])[C,1]([H][H])[H][H]) [2], [C] [3], [H]([C]([C,1]([C,2][H][H])[C,2]([H][H])[H])) [4, 5, 6, 7], [H]([C]([C,2]([C,1][H][H])[C,1]([H][H])[H])) [8, 9], [H] [10, 11, 12, 13]]
trying all of [3, 10]
bonding 3 and 10 (C-H)
C0C1C2C3H4H5H6H7H8H9H10H11H12H13 { 0-4(1) 0-1(1) 0-5(1) 0-2(1) 1-6(1) 1-2(1) 1-7(1) 2-8(1) 2-9(1) 3-10(1) }  is canonical?false
Saturating orbit : [C]([C,2]([C,1][H][H])[C,1]([H][H])) [2]
first atom 2
saturating atom 2 in C0C1C2C3H4H5H6H7H8H9H10H11H12H13 { 0-4(1) 0-1(1) 0-5(1) 0-2(1) 1-6(1) 1-7(1) 1-2(1) } 
Orbits : [[C]([C,1]([C,2])[C,2]([H][H])[H][H]) [0, 1], [C]([C,2]([C,1][H][H])[C,1]([H][H])) [2], [C] [3], [H]([C]([C,1]([C,2])[C,2]([H][H])[H])) [4, 5, 6, 7], [H] [8, 9, 10, 11, 12, 13]]
trying all of [2, 3, 8]
bonding 2 and 3 (C-C)
C0C1C2C3H4H5H6H7H8H9H10H11H12H13 { 0-4(1) 0-1(1) 0-5(1) 0-2(1) 1-6(1) 1-7(1) 1-2(1) 2-3(1) }  is canonical?false
bonding 2 and 8 (C-H)
C0C1C2C3H4H5H6H7H8H9H10H11H12H13 { 0-4(1) 0-1(1) 0-5(1) 0-2(1) 1-6(1) 1-7(1) 1-2(1) 2-8(1) }  is canonical?true
passed all tests
saturating atom 2 in C0C1C2C3H4H5H6H7H8H9H10H11H12H13 { 0-4(1) 0-1(1) 0-5(1) 0-2(1) 1-6(1) 1-7(1) 1-2(1) 2-8(1) } 
Orbits : [[C]([C,1]([C,2][H])[C,2]([H][H])[H][H]) [0, 1], [C]([C,2]([C,1][H][H])[C,1]([H][H])[H]) [2], [C] [3], [H]([C]([C,1]([C,2][H])[C,2]([H][H])[H])) [4, 5, 6, 7], [H]([C]([C,2]([C,1][H][H])[C,1]([H][H]))) [8], [H] [9, 10, 11, 12, 13]]
trying all of [2, 3, 9]
bonding 2 and 3 (C-C)
C0C1C2C3H4H5H6H7H8H9H10H11H12H13 { 0-4(1) 0-1(1) 0-5(1) 0-2(1) 1-6(1) 1-7(1) 1-2(1) 2-8(1) 2-3(1) }  is canonical?false
bonding 2 and 9 (C-H)
C0C1C2C3H4H5H6H7H8H9H10H11H12H13 { 0-4(1) 0-1(1) 0-5(1) 0-2(1) 1-6(1) 1-7(1) 1-2(1) 2-8(1) 2-9(1) }  is canonical?true
passed all tests
saturating atom 2 in C0C1C2C3H4H5H6H7H8H9H10H11H12H13 { 0-4(1) 0-1(1) 0-5(1) 0-2(1) 1-6(1) 1-7(1) 1-2(1) 2-8(1) 2-9(1) } 
2 is already saturated
Saturating orbit : [C]([C,2]([C,1][H][H])[C,1]([H][H])) []
orbit empty
Saturating orbit : [C] [3]
first atom 3
saturating atom 3 in C0C1C2C3H4H5H6H7H8H9H10H11H12H13 { 0-4(1) 0-1(1) 0-5(1) 0-2(1) 1-6(1) 1-7(1) 1-2(1) 2-8(1) 2-9(1) } 
Orbits : [[C]([C,1]([C,2][H][H])[C,2]([H][H])[H][H]) [0, 1], [C]([C,2]([C,1][H][H])[C,1]([H][H])[H][H]) [2], [C] [3], [H]([C]([C,1]([C,2][H][H])[C,2]([H][H])[H])) [4, 5, 6, 7], [H]([C]([C,2]([C,1][H][H])[C,1]([H][H])[H])) [8, 9], [H] [10, 11, 12, 13]]
trying all of [3, 10]
bonding 3 and 10 (C-H)
C0C1C2C3H4H5H6H7H8H9H10H11H12H13 { 0-4(1) 0-1(1) 0-5(1) 0-2(1) 1-6(1) 1-7(1) 1-2(1) 2-8(1) 2-9(1) 3-10(1) }  is canonical?false
Saturating orbit : [C]([C]([C]([H][H][H])[H][H])) [2]
first atom 2
saturating atom 2 in C0C1C2C3H4H5H6H7H8H9H10H11H12H13 { 0-4(1) 0-1(1) 0-5(1) 0-2(1) 1-6(1) 1-7(1) 1-8(1) } 
Orbits : [[C]([C][C]([H][H][H])[H][H]) [0], [C]([C]([C][H][H])[H][H][H]) [1], [C]([C]([C]([H][H][H])[H][H])) [2], [C] [3], [H]([C]([C][C]([H][H][H])[H])) [4, 5], [H]([C]([C]([C][H][H])[H][H])) [6, 7, 8], [H] [9, 10, 11, 12, 13]]
trying all of [2, 3, 9]
bonding 2 and 3 (C-C)
C0C1C2C3H4H5H6H7H8H9H10H11H12H13 { 0-4(1) 0-1(1) 0-5(1) 0-2(1) 1-6(1) 1-7(1) 1-8(1) 2-3(1) }  is canonical?false
bonding 2 and 9 (C-H)
C0C1C2C3H4H5H6H7H8H9H10H11H12H13 { 0-4(1) 0-1(1) 0-5(1) 0-2(1) 1-6(1) 1-7(1) 1-8(1) 2-9(1) }  is canonical?true
passed all tests
saturating atom 2 in C0C1C2C3H4H5H6H7H8H9H10H11H12H13 { 0-4(1) 0-1(1) 0-5(1) 0-2(1) 1-6(1) 1-7(1) 1-8(1) 2-9(1) } 
Orbits : [[C]([C]([H])[C]([H][H][H])[H][H]) [0], [C]([C]([C]([H])[H][H])[H][H][H]) [1], [C]([C]([C]([H][H][H])[H][H])[H]) [2], [C] [3], [H]([C]([C]([H])[C]([H][H][H])[H])) [4, 5], [H]([C]([C]([C]([H])[H][H])[H][H])) [6, 7, 8], [H]([C]([C]([C]([H][H][H])[H][H]))) [9], [H] [10, 11, 12, 13]]
trying all of [2, 3, 10]
bonding 2 and 3 (C-C)
C0C1C2C3H4H5H6H7H8H9H10H11H12H13 { 0-4(1) 0-1(1) 0-5(1) 0-2(1) 1-6(1) 1-7(1) 1-8(1) 2-9(1) 2-3(1) }  is canonical?false
bonding 2 and 10 (C-H)
C0C1C2C3H4H5H6H7H8H9H10H11H12H13 { 0-4(1) 0-1(1) 0-5(1) 0-2(1) 1-6(1) 1-7(1) 1-8(1) 2-9(1) 2-10(1) }  is canonical?true
passed all tests
saturating atom 2 in C0C1C2C3H4H5H6H7H8H9H10H11H12H13 { 0-4(1) 0-1(1) 0-5(1) 0-2(1) 1-6(1) 1-7(1) 1-8(1) 2-9(1) 2-10(1) } 
Orbits : [[C]([C]([H][H])[C]([H][H][H])[H][H]) [0], [C]([C]([C]([H][H])[H][H])[H][H][H]) [1], [C]([C]([C]([H][H][H])[H][H])[H][H]) [2], [C] [3], [H]([C]([C]([H][H])[C]([H][H][H])[H])) [4, 5], [H]([C]([C]([C]([H][H])[H][H])[H][H])) [6, 7, 8], [H]([C]([C]([C]([H][H][H])[H][H])[H])) [9, 10], [H] [11, 12, 13]]
trying all of [2, 3, 11]
bonding 2 and 3 (C-C)
C0C1C2C3H4H5H6H7H8H9H10H11H12H13 { 0-4(1) 0-1(1) 0-5(1) 0-2(1) 1-6(1) 1-7(1) 1-8(1) 2-9(1) 2-10(1) 2-3(1) }  is canonical?false
bonding 2 and 11 (C-H)
C0C1C2C3H4H5H6H7H8H9H10H11H12H13 { 0-4(1) 0-1(1) 0-5(1) 0-2(1) 1-6(1) 1-7(1) 1-8(1) 2-9(1) 2-10(1) 2-11(1) }  is canonical?true
passed all tests
saturating atom 2 in C0C1C2C3H4H5H6H7H8H9H10H11H12H13 { 0-4(1) 0-1(1) 0-5(1) 0-2(1) 1-6(1) 1-7(1) 1-8(1) 2-9(1) 2-10(1) 2-11(1) } 
2 is already saturated
Saturating orbit : [C]([C]([C]([H][H][H])[H][H])) []
orbit empty
Saturating orbit : [C] [3]
first atom 3
saturating atom 3 in C0C1C2C3H4H5H6H7H8H9H10H11H12H13 { 0-4(1) 0-1(1) 0-5(1) 0-2(1) 1-6(1) 1-7(1) 1-8(1) 2-9(1) 2-10(1) 2-11(1) } 
Orbits : [[C]([C]([H][H][H])[C]([H][H][H])[H][H]) [0], [C]([C]([C]([H][H][H])[H][H])[H][H][H]) [1, 2], [C] [3], [H]([C]([C]([H][H][H])[C]([H][H][H])[H])) [4, 5], [H]([C]([C]([C]([H][H][H])[H][H])[H][H])) [6, 7, 8, 9, 10, 11], [H] [12, 13]]
trying all of [3, 12]
bonding 3 and 12 (C-H)
C0C1C2C3H4H5H6H7H8H9H10H11H12H13 { 0-4(1) 0-1(1) 0-5(1) 0-2(1) 1-6(1) 1-7(1) 1-8(1) 2-9(1) 2-10(1) 2-11(1) 3-12(1) }  is canonical?false
Saturating orbit : [C]([C]([H][H][H])) [1]
first atom 1
saturating atom 1 in C0C1C2C3H4H5H6H7H8H9H10H11H12H13 { 0-4(1) 0-1(1) 0-5(1) 0-6(1) } 
Orbits : [[C]([C][H][H][H]) [0], [C]([C]([H][H][H])) [1], [C] [2, 3], [H]([C]([C][H][H])) [4, 5, 6], [H] [7, 8, 9, 10, 11, 12, 13]]
trying all of [1, 2, 7]
bonding 1 and 2 (C-C)
C0C1C2C3H4H5H6H7H8H9H10H11H12H13 { 0-4(1) 0-1(1) 0-5(1) 0-6(1) 1-2(1) }  is canonical?false
bonding 1 and 7 (C-H)
C0C1C2C3H4H5H6H7H8H9H10H11H12H13 { 0-4(1) 0-1(1) 0-5(1) 0-6(1) 1-7(1) }  is canonical?true
passed all tests
saturating atom 1 in C0C1C2C3H4H5H6H7H8H9H10H11H12H13 { 0-4(1) 0-1(1) 0-5(1) 0-6(1) 1-7(1) } 
Orbits : [[C]([C]([H])[H][H][H]) [0], [C]([C]([H][H][H])[H]) [1], [C] [2, 3], [H]([C]([C]([H])[H][H])) [4, 5, 6], [H]([C]([C]([H][H][H]))) [7], [H] [8, 9, 10, 11, 12, 13]]
trying all of [1, 2, 8]
bonding 1 and 2 (C-C)
C0C1C2C3H4H5H6H7H8H9H10H11H12H13 { 0-4(1) 0-1(1) 0-5(1) 0-6(1) 1-7(1) 1-2(1) }  is canonical?false
bonding 1 and 8 (C-H)
C0C1C2C3H4H5H6H7H8H9H10H11H12H13 { 0-4(1) 0-1(1) 0-5(1) 0-6(1) 1-7(1) 1-8(1) }  is canonical?true
passed all tests
saturating atom 1 in C0C1C2C3H4H5H6H7H8H9H10H11H12H13 { 0-4(1) 0-1(1) 0-5(1) 0-6(1) 1-7(1) 1-8(1) } 
Orbits : [[C]([C]([H][H])[H][H][H]) [0], [C]([C]([H][H][H])[H][H]) [1], [C] [2, 3], [H]([C]([C]([H][H])[H][H])) [4, 5, 6], [H]([C]([C]([H][H][H])[H])) [7, 8], [H] [9, 10, 11, 12, 13]]
trying all of [1, 2, 9]
bonding 1 and 2 (C-C)
C0C1C2C3H4H5H6H7H8H9H10H11H12H13 { 0-4(1) 0-1(1) 0-5(1) 0-6(1) 1-7(1) 1-8(1) 1-2(1) }  is canonical?false
bonding 1 and 9 (C-H)
C0C1C2C3H4H5H6H7H8H9H10H11H12H13 { 0-4(1) 0-1(1) 0-5(1) 0-6(1) 1-7(1) 1-8(1) 1-9(1) }  is canonical?true
passed all tests
saturating atom 1 in C0C1C2C3H4H5H6H7H8H9H10H11H12H13 { 0-4(1) 0-1(1) 0-5(1) 0-6(1) 1-7(1) 1-8(1) 1-9(1) } 
1 is already saturated
Saturating orbit : [C]([C]([H][H][H])) []
orbit empty
Saturating orbit : [C] [2, 3]
first atom 2
saturating atom 2 in C0C1C2C3H4H5H6H7H8H9H10H11H12H13 { 0-4(1) 0-1(1) 0-5(1) 0-6(1) 1-7(1) 1-8(1) 1-9(1) } 
Orbits : [[C]([C]([H][H][H])[H][H][H]) [0, 1], [C] [2, 3], [H]([C]([C]([H][H][H])[H][H])) [4, 5, 6, 7, 8, 9], [H] [10, 11, 12, 13]]
trying all of [2, 10]
bonding 2 and 10 (C-H)
C0C1C2C3H4H5H6H7H8H9H10H11H12H13 { 0-4(1) 0-1(1) 0-5(1) 0-6(1) 1-7(1) 1-8(1) 1-9(1) 2-10(1) }  is canonical?false
Saturating orbit : [C](=[C]([H][H])) [1]
first atom 1
saturating atom 1 in C0C1C2C3H4H5H6H7H8H9H10H11H12H13 { 0-4(1) 0-5(1) 0-1(2) } 
Orbits : [[C](=[C][H][H]) [0], [C](=[C]([H][H])) [1], [C] [2, 3], [H]([C](=[C][H])) [4, 5], [H] [6, 7, 8, 9, 10, 11, 12, 13]]
trying all of [1, 2, 6]
bonding 1 and 2 (C-C)
C0C1C2C3H4H5H6H7H8H9H10H11H12H13 { 0-4(1) 0-5(1) 0-1(2) 1-2(1) }  is canonical?false
bonding 1 and 6 (C-H)
C0C1C2C3H4H5H6H7H8H9H10H11H12H13 { 0-4(1) 0-5(1) 0-1(2) 1-6(1) }  is canonical?true
passed all tests
saturating atom 1 in C0C1C2C3H4H5H6H7H8H9H10H11H12H13 { 0-4(1) 0-5(1) 0-1(2) 1-6(1) } 
Orbits : [[C](=[C]([H])[H][H]) [0], [C](=[C]([H][H])[H]) [1], [C] [2, 3], [H]([C](=[C]([H])[H])) [4, 5], [H]([C](=[C]([H][H]))) [6], [H] [7, 8, 9, 10, 11, 12, 13]]
trying all of [1, 2, 7]
bonding 1 and 2 (C-C)
C0C1C2C3H4H5H6H7H8H9H10H11H12H13 { 0-4(1) 0-5(1) 0-1(2) 1-6(1) 1-2(1) }  is canonical?false
bonding 1 and 7 (C-H)
C0C1C2C3H4H5H6H7H8H9H10H11H12H13 { 0-4(1) 0-5(1) 0-1(2) 1-6(1) 1-7(1) }  is canonical?true
passed all tests
saturating atom 1 in C0C1C2C3H4H5H6H7H8H9H10H11H12H13 { 0-4(1) 0-5(1) 0-1(2) 1-6(1) 1-7(1) } 
1 is already saturated
Saturating orbit : [C](=[C]([H][H])) []
orbit empty
Saturating orbit : [C] [2, 3]
first atom 2
saturating atom 2 in C0C1C2C3H4H5H6H7H8H9H10H11H12H13 { 0-4(1) 0-5(1) 0-1(2) 1-6(1) 1-7(1) } 
Orbits : [[C](=[C]([H][H])[H][H]) [0, 1], [C] [2, 3], [H]([C](=[C]([H][H])[H])) [4, 5, 6, 7], [H] [8, 9, 10, 11, 12, 13]]
trying all of [2, 8]
bonding 2 and 8 (C-H)
C0C1C2C3H4H5H6H7H8H9H10H11H12H13 { 0-4(1) 0-5(1) 0-1(2) 1-6(1) 1-7(1) 2-8(1) }  is canonical?false
Saturating orbit : [C]([C]([C][H][H])) [1, 2]
first atom 1
saturating atom 1 in C0C1C2C3H4H5H6H7H8H9H10H11H12H13 { 0-4(1) 0-5(1) 0-1(1) 0-2(1) } 
Orbits : [[C]([C][C][H][H]) [0], [C]([C]([C][H][H])) [1, 2], [C] [3], [H]([C]([C][C][H])) [4, 5], [H] [6, 7, 8, 9, 10, 11, 12, 13]]
trying all of [1, 3, 6]
bonding 1 and 3 (C-C)
C0C1C2C3H4H5H6H7H8H9H10H11H12H13 { 0-4(1) 0-5(1) 0-1(1) 0-2(1) 1-3(1) }  is canonical?false
bonding 1 and 6 (C-H)
C0C1C2C3H4H5H6H7H8H9H10H11H12H13 { 0-4(1) 0-5(1) 0-1(1) 0-2(1) 1-6(1) }  is canonical?true
passed all tests
saturating atom 1 in C0C1C2C3H4H5H6H7H8H9H10H11H12H13 { 0-4(1) 0-5(1) 0-1(1) 0-2(1) 1-6(1) } 
Orbits : [[C]([C][C]([H])[H][H]) [0], [C]([C]([C][H][H])[H]) [1], [C]([C]([C]([H])[H][H])) [2], [C] [3], [H]([C]([C][C]([H])[H])) [4, 5], [H]([C]([C]([C][H][H]))) [6], [H] [7, 8, 9, 10, 11, 12, 13]]
trying all of [1, 2, 3, 7]
bonding 1 and 2 (C-C)
C0C1C2C3H4H5H6H7H8H9H10H11H12H13 { 0-4(1) 0-5(1) 0-1(1) 0-2(1) 1-6(1) 1-2(1) }  is canonical?true
passed all tests
saturating atom 1 in C0C1C2C3H4H5H6H7H8H9H10H11H12H13 { 0-4(1) 0-5(1) 0-1(1) 0-2(1) 1-6(1) 1-2(1) } 
Orbits : [[C]([C,1]([C,2])[C,2]([H])[H][H]) [0], [C]([C,1]([C,2])[C,2]([H][H])[H]) [1], [C]([C,1]([C,2][H])[C,2]([H][H])) [2], [C] [3], [H]([C]([C,1]([C,2])[C,2]([H])[H])) [4, 5], [H]([C]([C,1]([C,2])[C,2]([H][H]))) [6], [H] [7, 8, 9, 10, 11, 12, 13]]
trying all of [1, 2, 3, 7]
bonding 1 and 2 (C-C)
C0C1C2C3H4H5H6H7H8H9H10H11H12H13 { 0-4(1) 0-5(1) 0-1(1) 0-2(1) 1-6(1) 1-2(2) }  is canonical?true
passed all tests
saturating atom 1 in C0C1C2C3H4H5H6H7H8H9H10H11H12H13 { 0-4(1) 0-5(1) 0-1(1) 0-2(1) 1-6(1) 1-2(2) } 
1 is already saturated
bonding 1 and 3 (C-C)
C0C1C2C3H4H5H6H7H8H9H10H11H12H13 { 0-4(1) 0-5(1) 0-1(1) 0-2(1) 1-6(1) 1-2(1) 1-3(1) }  is canonical?false
bonding 1 and 7 (C-H)
C0C1C2C3H4H5H6H7H8H9H10H11H12H13 { 0-4(1) 0-5(1) 0-1(1) 0-2(1) 1-6(1) 1-2(1) 1-7(1) }  is canonical?true
passed all tests
saturating atom 1 in C0C1C2C3H4H5H6H7H8H9H10H11H12H13 { 0-4(1) 0-5(1) 0-1(1) 0-2(1) 1-6(1) 1-2(1) 1-7(1) } 
1 is already saturated
bonding 1 and 3 (C-C)
C0C1C2C3H4H5H6H7H8H9H10H11H12H13 { 0-4(1) 0-5(1) 0-1(1) 0-2(1) 1-6(1) 1-3(1) }  is canonical?false
bonding 1 and 7 (C-H)
C0C1C2C3H4H5H6H7H8H9H10H11H12H13 { 0-4(1) 0-5(1) 0-1(1) 0-2(1) 1-6(1) 1-7(1) }  is canonical?true
passed all tests
saturating atom 1 in C0C1C2C3H4H5H6H7H8H9H10H11H12H13 { 0-4(1) 0-5(1) 0-1(1) 0-2(1) 1-6(1) 1-7(1) } 
Orbits : [[C]([C][C]([H][H])[H][H]) [0], [C]([C]([C][H][H])[H][H]) [1], [C]([C]([C]([H][H])[H][H])) [2], [C] [3], [H]([C]([C][C]([H][H])[H])) [4, 5], [H]([C]([C]([C][H][H])[H])) [6, 7], [H] [8, 9, 10, 11, 12, 13]]
trying all of [1, 2, 3, 8]
bonding 1 and 2 (C-C)
C0C1C2C3H4H5H6H7H8H9H10H11H12H13 { 0-4(1) 0-5(1) 0-1(1) 0-2(1) 1-6(1) 1-7(1) 1-2(1) }  is canonical?true
passed all tests
saturating atom 1 in C0C1C2C3H4H5H6H7H8H9H10H11H12H13 { 0-4(1) 0-5(1) 0-1(1) 0-2(1) 1-6(1) 1-7(1) 1-2(1) } 
1 is already saturated
bonding 1 and 3 (C-C)
C0C1C2C3H4H5H6H7H8H9H10H11H12H13 { 0-4(1) 0-5(1) 0-1(1) 0-2(1) 1-6(1) 1-7(1) 1-3(1) }  is canonical?false
bonding 1 and 8 (C-H)
C0C1C2C3H4H5H6H7H8H9H10H11H12H13 { 0-4(1) 0-5(1) 0-1(1) 0-2(1) 1-6(1) 1-7(1) 1-8(1) }  is canonical?true
passed all tests
saturating atom 1 in C0C1C2C3H4H5H6H7H8H9H10H11H12H13 { 0-4(1) 0-5(1) 0-1(1) 0-2(1) 1-6(1) 1-7(1) 1-8(1) } 
1 is already saturated
Saturating orbit : [C]([C]([C][H][H])) [2]
first atom 2
saturating atom 2 in C0C1C2C3H4H5H6H7H8H9H10H11H12H13 { 0-4(1) 0-5(1) 0-1(1) 0-2(1) 1-6(1) 1-2(2) } 
Orbits : [[C]([C,1](=[C,2])[C,2]([H])[H][H]) [0], [C](=[C,1]([C,2])[C,2]([H][H])[H]) [1], [C](=[C,1]([C,2][H])[C,2]([H][H])) [2], [C] [3], [H]([C]([C,1](=[C,2])[C,2]([H])[H])) [4, 5], [H]([C](=[C,1]([C,2])[C,2]([H][H]))) [6], [H] [7, 8, 9, 10, 11, 12, 13]]
trying all of [2, 3, 7]
bonding 2 and 3 (C-C)
C0C1C2C3H4H5H6H7H8H9H10H11H12H13 { 0-4(1) 0-5(1) 0-1(1) 0-2(1) 1-6(1) 1-2(2) 2-3(1) }  is canonical?false
bonding 2 and 7 (C-H)
C0C1C2C3H4H5H6H7H8H9H10H11H12H13 { 0-4(1) 0-5(1) 0-1(1) 0-2(1) 1-6(1) 1-2(2) 2-7(1) }  is canonical?true
passed all tests
saturating atom 2 in C0C1C2C3H4H5H6H7H8H9H10H11H12H13 { 0-4(1) 0-5(1) 0-1(1) 0-2(1) 1-6(1) 1-2(2) 2-7(1) } 
2 is already saturated
Saturating orbit : [C]([C]([C][H][H])) []
orbit empty
Saturating orbit : [C]([C]([C][H][H])) []
orbit empty
Saturating orbit : [C]([C]([C][H][H])) []
orbit empty
Saturating orbit : [C]([C]([C][H][H])) []
orbit empty
Saturating orbit : [C] [3]
first atom 3
saturating atom 3 in C0C1C2C3H4H5H6H7H8H9H10H11H12H13 { 0-4(1) 0-5(1) 0-1(1) 0-2(1) 1-6(1) 1-2(2) 2-7(1) } 
Orbits : [[C]([C,1](=[C,2][H])[C,2]([H])[H][H]) [0], [C](=[C,1]([C,2][H])[C,2]([H][H])[H]) [1, 2], [C] [3], [H]([C]([C,1](=[C,2][H])[C,2]([H])[H])) [4, 5], [H]([C](=[C,1]([C,2][H])[C,2]([H][H]))) [6, 7], [H] [8, 9, 10, 11, 12, 13]]
trying all of [3, 8]
bonding 3 and 8 (C-H)
C0C1C2C3H4H5H6H7H8H9H10H11H12H13 { 0-4(1) 0-5(1) 0-1(1) 0-2(1) 1-6(1) 1-2(2) 2-7(1) 3-8(1) }  is canonical?false
Saturating orbit : [C]([C,2]([C,1][H][H])[C,1]([H][H])) [2]
first atom 2
saturating atom 2 in C0C1C2C3H4H5H6H7H8H9H10H11H12H13 { 0-4(1) 0-5(1) 0-1(1) 0-2(1) 1-6(1) 1-2(1) 1-7(1) } 
Orbits : [[C]([C,1]([C,2])[C,2]([H][H])[H][H]) [0, 1], [C]([C,2]([C,1][H][H])[C,1]([H][H])) [2], [C] [3], [H]([C]([C,1]([C,2])[C,2]([H][H])[H])) [4, 5, 6, 7], [H] [8, 9, 10, 11, 12, 13]]
trying all of [2, 3, 8]
bonding 2 and 3 (C-C)
C0C1C2C3H4H5H6H7H8H9H10H11H12H13 { 0-4(1) 0-5(1) 0-1(1) 0-2(1) 1-6(1) 1-2(1) 1-7(1) 2-3(1) }  is canonical?false
bonding 2 and 8 (C-H)
C0C1C2C3H4H5H6H7H8H9H10H11H12H13 { 0-4(1) 0-5(1) 0-1(1) 0-2(1) 1-6(1) 1-2(1) 1-7(1) 2-8(1) }  is canonical?true
passed all tests
saturating atom 2 in C0C1C2C3H4H5H6H7H8H9H10H11H12H13 { 0-4(1) 0-5(1) 0-1(1) 0-2(1) 1-6(1) 1-2(1) 1-7(1) 2-8(1) } 
Orbits : [[C]([C,1]([C,2][H])[C,2]([H][H])[H][H]) [0, 1], [C]([C,2]([C,1][H][H])[C,1]([H][H])[H]) [2], [C] [3], [H]([C]([C,1]([C,2][H])[C,2]([H][H])[H])) [4, 5, 6, 7], [H]([C]([C,2]([C,1][H][H])[C,1]([H][H]))) [8], [H] [9, 10, 11, 12, 13]]
trying all of [2, 3, 9]
bonding 2 and 3 (C-C)
C0C1C2C3H4H5H6H7H8H9H10H11H12H13 { 0-4(1) 0-5(1) 0-1(1) 0-2(1) 1-6(1) 1-2(1) 1-7(1) 2-8(1) 2-3(1) }  is canonical?false
bonding 2 and 9 (C-H)
C0C1C2C3H4H5H6H7H8H9H10H11H12H13 { 0-4(1) 0-5(1) 0-1(1) 0-2(1) 1-6(1) 1-2(1) 1-7(1) 2-8(1) 2-9(1) }  is canonical?true
passed all tests
saturating atom 2 in C0C1C2C3H4H5H6H7H8H9H10H11H12H13 { 0-4(1) 0-5(1) 0-1(1) 0-2(1) 1-6(1) 1-2(1) 1-7(1) 2-8(1) 2-9(1) } 
2 is already saturated
Saturating orbit : [C]([C,2]([C,1][H][H])[C,1]([H][H])) []
orbit empty
Saturating orbit : [C] [3]
first atom 3
saturating atom 3 in C0C1C2C3H4H5H6H7H8H9H10H11H12H13 { 0-4(1) 0-5(1) 0-1(1) 0-2(1) 1-6(1) 1-2(1) 1-7(1) 2-8(1) 2-9(1) } 
Orbits : [[C]([C,1]([C,2][H][H])[C,2]([H][H])[H][H]) [0, 1], [C]([C,2]([C,1][H][H])[C,1]([H][H])[H][H]) [2], [C] [3], [H]([C]([C,1]([C,2][H][H])[C,2]([H][H])[H])) [4, 5, 6, 7], [H]([C]([C,2]([C,1][H][H])[C,1]([H][H])[H])) [8, 9], [H] [10, 11, 12, 13]]
trying all of [3, 10]
bonding 3 and 10 (C-H)
C0C1C2C3H4H5H6H7H8H9H10H11H12H13 { 0-4(1) 0-5(1) 0-1(1) 0-2(1) 1-6(1) 1-2(1) 1-7(1) 2-8(1) 2-9(1) 3-10(1) }  is canonical?false
Saturating orbit : [C]([C,2]([C,1][H][H])[C,1]([H][H])) [2]
first atom 2
saturating atom 2 in C0C1C2C3H4H5H6H7H8H9H10H11H12H13 { 0-4(1) 0-5(1) 0-1(1) 0-2(1) 1-6(1) 1-7(1) 1-2(1) } 
Orbits : [[C]([C,1]([C,2])[C,2]([H][H])[H][H]) [0, 1], [C]([C,2]([C,1][H][H])[C,1]([H][H])) [2], [C] [3], [H]([C]([C,1]([C,2])[C,2]([H][H])[H])) [4, 5, 6, 7], [H] [8, 9, 10, 11, 12, 13]]
trying all of [2, 3, 8]
bonding 2 and 3 (C-C)
C0C1C2C3H4H5H6H7H8H9H10H11H12H13 { 0-4(1) 0-5(1) 0-1(1) 0-2(1) 1-6(1) 1-7(1) 1-2(1) 2-3(1) }  is canonical?false
bonding 2 and 8 (C-H)
C0C1C2C3H4H5H6H7H8H9H10H11H12H13 { 0-4(1) 0-5(1) 0-1(1) 0-2(1) 1-6(1) 1-7(1) 1-2(1) 2-8(1) }  is canonical?true
passed all tests
saturating atom 2 in C0C1C2C3H4H5H6H7H8H9H10H11H12H13 { 0-4(1) 0-5(1) 0-1(1) 0-2(1) 1-6(1) 1-7(1) 1-2(1) 2-8(1) } 
Orbits : [[C]([C,1]([C,2][H])[C,2]([H][H])[H][H]) [0, 1], [C]([C,2]([C,1][H][H])[C,1]([H][H])[H]) [2], [C] [3], [H]([C]([C,1]([C,2][H])[C,2]([H][H])[H])) [4, 5, 6, 7], [H]([C]([C,2]([C,1][H][H])[C,1]([H][H]))) [8], [H] [9, 10, 11, 12, 13]]
trying all of [2, 3, 9]
bonding 2 and 3 (C-C)
C0C1C2C3H4H5H6H7H8H9H10H11H12H13 { 0-4(1) 0-5(1) 0-1(1) 0-2(1) 1-6(1) 1-7(1) 1-2(1) 2-8(1) 2-3(1) }  is canonical?false
bonding 2 and 9 (C-H)
C0C1C2C3H4H5H6H7H8H9H10H11H12H13 { 0-4(1) 0-5(1) 0-1(1) 0-2(1) 1-6(1) 1-7(1) 1-2(1) 2-8(1) 2-9(1) }  is canonical?true
passed all tests
saturating atom 2 in C0C1C2C3H4H5H6H7H8H9H10H11H12H13 { 0-4(1) 0-5(1) 0-1(1) 0-2(1) 1-6(1) 1-7(1) 1-2(1) 2-8(1) 2-9(1) } 
2 is already saturated
Saturating orbit : [C]([C,2]([C,1][H][H])[C,1]([H][H])) []
orbit empty
Saturating orbit : [C] [3]
first atom 3
saturating atom 3 in C0C1C2C3H4H5H6H7H8H9H10H11H12H13 { 0-4(1) 0-5(1) 0-1(1) 0-2(1) 1-6(1) 1-7(1) 1-2(1) 2-8(1) 2-9(1) } 
Orbits : [[C]([C,1]([C,2][H][H])[C,2]([H][H])[H][H]) [0, 1], [C]([C,2]([C,1][H][H])[C,1]([H][H])[H][H]) [2], [C] [3], [H]([C]([C,1]([C,2][H][H])[C,2]([H][H])[H])) [4, 5, 6, 7], [H]([C]([C,2]([C,1][H][H])[C,1]([H][H])[H])) [8, 9], [H] [10, 11, 12, 13]]
trying all of [3, 10]
bonding 3 and 10 (C-H)
C0C1C2C3H4H5H6H7H8H9H10H11H12H13 { 0-4(1) 0-5(1) 0-1(1) 0-2(1) 1-6(1) 1-7(1) 1-2(1) 2-8(1) 2-9(1) 3-10(1) }  is canonical?false
Saturating orbit : [C]([C]([C]([H][H][H])[H][H])) [2]
first atom 2
saturating atom 2 in C0C1C2C3H4H5H6H7H8H9H10H11H12H13 { 0-4(1) 0-5(1) 0-1(1) 0-2(1) 1-6(1) 1-7(1) 1-8(1) } 
Orbits : [[C]([C][C]([H][H][H])[H][H]) [0], [C]([C]([C][H][H])[H][H][H]) [1], [C]([C]([C]([H][H][H])[H][H])) [2], [C] [3], [H]([C]([C][C]([H][H][H])[H])) [4, 5], [H]([C]([C]([C][H][H])[H][H])) [6, 7, 8], [H] [9, 10, 11, 12, 13]]
trying all of [2, 3, 9]
bonding 2 and 3 (C-C)
C0C1C2C3H4H5H6H7H8H9H10H11H12H13 { 0-4(1) 0-5(1) 0-1(1) 0-2(1) 1-6(1) 1-7(1) 1-8(1) 2-3(1) }  is canonical?false
bonding 2 and 9 (C-H)
C0C1C2C3H4H5H6H7H8H9H10H11H12H13 { 0-4(1) 0-5(1) 0-1(1) 0-2(1) 1-6(1) 1-7(1) 1-8(1) 2-9(1) }  is canonical?true
passed all tests
saturating atom 2 in C0C1C2C3H4H5H6H7H8H9H10H11H12H13 { 0-4(1) 0-5(1) 0-1(1) 0-2(1) 1-6(1) 1-7(1) 1-8(1) 2-9(1) } 
Orbits : [[C]([C]([H])[C]([H][H][H])[H][H]) [0], [C]([C]([C]([H])[H][H])[H][H][H]) [1], [C]([C]([C]([H][H][H])[H][H])[H]) [2], [C] [3], [H]([C]([C]([H])[C]([H][H][H])[H])) [4, 5], [H]([C]([C]([C]([H])[H][H])[H][H])) [6, 7, 8], [H]([C]([C]([C]([H][H][H])[H][H]))) [9], [H] [10, 11, 12, 13]]
trying all of [2, 3, 10]
bonding 2 and 3 (C-C)
C0C1C2C3H4H5H6H7H8H9H10H11H12H13 { 0-4(1) 0-5(1) 0-1(1) 0-2(1) 1-6(1) 1-7(1) 1-8(1) 2-9(1) 2-3(1) }  is canonical?false
bonding 2 and 10 (C-H)
C0C1C2C3H4H5H6H7H8H9H10H11H12H13 { 0-4(1) 0-5(1) 0-1(1) 0-2(1) 1-6(1) 1-7(1) 1-8(1) 2-9(1) 2-10(1) }  is canonical?true
passed all tests
saturating atom 2 in C0C1C2C3H4H5H6H7H8H9H10H11H12H13 { 0-4(1) 0-5(1) 0-1(1) 0-2(1) 1-6(1) 1-7(1) 1-8(1) 2-9(1) 2-10(1) } 
Orbits : [[C]([C]([H][H])[C]([H][H][H])[H][H]) [0], [C]([C]([C]([H][H])[H][H])[H][H][H]) [1], [C]([C]([C]([H][H][H])[H][H])[H][H]) [2], [C] [3], [H]([C]([C]([H][H])[C]([H][H][H])[H])) [4, 5], [H]([C]([C]([C]([H][H])[H][H])[H][H])) [6, 7, 8], [H]([C]([C]([C]([H][H][H])[H][H])[H])) [9, 10], [H] [11, 12, 13]]
trying all of [2, 3, 11]
bonding 2 and 3 (C-C)
C0C1C2C3H4H5H6H7H8H9H10H11H12H13 { 0-4(1) 0-5(1) 0-1(1) 0-2(1) 1-6(1) 1-7(1) 1-8(1) 2-9(1) 2-10(1) 2-3(1) }  is canonical?false
bonding 2 and 11 (C-H)
C0C1C2C3H4H5H6H7H8H9H10H11H12H13 { 0-4(1) 0-5(1) 0-1(1) 0-2(1) 1-6(1) 1-7(1) 1-8(1) 2-9(1) 2-10(1) 2-11(1) }  is canonical?true
passed all tests
saturating atom 2 in C0C1C2C3H4H5H6H7H8H9H10H11H12H13 { 0-4(1) 0-5(1) 0-1(1) 0-2(1) 1-6(1) 1-7(1) 1-8(1) 2-9(1) 2-10(1) 2-11(1) } 
2 is already saturated
Saturating orbit : [C]([C]([C]([H][H][H])[H][H])) []
orbit empty
Saturating orbit : [C] [3]
first atom 3
saturating atom 3 in C0C1C2C3H4H5H6H7H8H9H10H11H12H13 { 0-4(1) 0-5(1) 0-1(1) 0-2(1) 1-6(1) 1-7(1) 1-8(1) 2-9(1) 2-10(1) 2-11(1) } 
Orbits : [[C]([C]([H][H][H])[C]([H][H][H])[H][H]) [0], [C]([C]([C]([H][H][H])[H][H])[H][H][H]) [1, 2], [C] [3], [H]([C]([C]([H][H][H])[C]([H][H][H])[H])) [4, 5], [H]([C]([C]([C]([H][H][H])[H][H])[H][H])) [6, 7, 8, 9, 10, 11], [H] [12, 13]]
trying all of [3, 12]
bonding 3 and 12 (C-H)
C0C1C2C3H4H5H6H7H8H9H10H11H12H13 { 0-4(1) 0-5(1) 0-1(1) 0-2(1) 1-6(1) 1-7(1) 1-8(1) 2-9(1) 2-10(1) 2-11(1) 3-12(1) }  is canonical?false
Saturating orbit : [C]([C]([H][H][H])) [1]
first atom 1
saturating atom 1 in C0C1C2C3H4H5H6H7H8H9H10H11H12H13 { 0-4(1) 0-5(1) 0-1(1) 0-6(1) } 
Orbits : [[C]([C][H][H][H]) [0], [C]([C]([H][H][H])) [1], [C] [2, 3], [H]([C]([C][H][H])) [4, 5, 6], [H] [7, 8, 9, 10, 11, 12, 13]]
trying all of [1, 2, 7]
bonding 1 and 2 (C-C)
C0C1C2C3H4H5H6H7H8H9H10H11H12H13 { 0-4(1) 0-5(1) 0-1(1) 0-6(1) 1-2(1) }  is canonical?false
bonding 1 and 7 (C-H)
C0C1C2C3H4H5H6H7H8H9H10H11H12H13 { 0-4(1) 0-5(1) 0-1(1) 0-6(1) 1-7(1) }  is canonical?true
passed all tests
saturating atom 1 in C0C1C2C3H4H5H6H7H8H9H10H11H12H13 { 0-4(1) 0-5(1) 0-1(1) 0-6(1) 1-7(1) } 
Orbits : [[C]([C]([H])[H][H][H]) [0], [C]([C]([H][H][H])[H]) [1], [C] [2, 3], [H]([C]([C]([H])[H][H])) [4, 5, 6], [H]([C]([C]([H][H][H]))) [7], [H] [8, 9, 10, 11, 12, 13]]
trying all of [1, 2, 8]
bonding 1 and 2 (C-C)
C0C1C2C3H4H5H6H7H8H9H10H11H12H13 { 0-4(1) 0-5(1) 0-1(1) 0-6(1) 1-7(1) 1-2(1) }  is canonical?false
bonding 1 and 8 (C-H)
C0C1C2C3H4H5H6H7H8H9H10H11H12H13 { 0-4(1) 0-5(1) 0-1(1) 0-6(1) 1-7(1) 1-8(1) }  is canonical?true
passed all tests
saturating atom 1 in C0C1C2C3H4H5H6H7H8H9H10H11H12H13 { 0-4(1) 0-5(1) 0-1(1) 0-6(1) 1-7(1) 1-8(1) } 
Orbits : [[C]([C]([H][H])[H][H][H]) [0], [C]([C]([H][H][H])[H][H]) [1], [C] [2, 3], [H]([C]([C]([H][H])[H][H])) [4, 5, 6], [H]([C]([C]([H][H][H])[H])) [7, 8], [H] [9, 10, 11, 12, 13]]
trying all of [1, 2, 9]
bonding 1 and 2 (C-C)
C0C1C2C3H4H5H6H7H8H9H10H11H12H13 { 0-4(1) 0-5(1) 0-1(1) 0-6(1) 1-7(1) 1-8(1) 1-2(1) }  is canonical?false
bonding 1 and 9 (C-H)
C0C1C2C3H4H5H6H7H8H9H10H11H12H13 { 0-4(1) 0-5(1) 0-1(1) 0-6(1) 1-7(1) 1-8(1) 1-9(1) }  is canonical?true
passed all tests
saturating atom 1 in C0C1C2C3H4H5H6H7H8H9H10H11H12H13 { 0-4(1) 0-5(1) 0-1(1) 0-6(1) 1-7(1) 1-8(1) 1-9(1) } 
1 is already saturated
Saturating orbit : [C]([C]([H][H][H])) []
orbit empty
Saturating orbit : [C] [2, 3]
first atom 2
saturating atom 2 in C0C1C2C3H4H5H6H7H8H9H10H11H12H13 { 0-4(1) 0-5(1) 0-1(1) 0-6(1) 1-7(1) 1-8(1) 1-9(1) } 
Orbits : [[C]([C]([H][H][H])[H][H][H]) [0, 1], [C] [2, 3], [H]([C]([C]([H][H][H])[H][H])) [4, 5, 6, 7, 8, 9], [H] [10, 11, 12, 13]]
trying all of [2, 10]
bonding 2 and 10 (C-H)
C0C1C2C3H4H5H6H7H8H9H10H11H12H13 { 0-4(1) 0-5(1) 0-1(1) 0-6(1) 1-7(1) 1-8(1) 1-9(1) 2-10(1) }  is canonical?false
Saturating orbit : [C]([C]([H][H][H])) [1]
first atom 1
saturating atom 1 in C0C1C2C3H4H5H6H7H8H9H10H11H12H13 { 0-4(1) 0-5(1) 0-6(1) 0-1(1) } 
Orbits : [[C]([C][H][H][H]) [0], [C]([C]([H][H][H])) [1], [C] [2, 3], [H]([C]([C][H][H])) [4, 5, 6], [H] [7, 8, 9, 10, 11, 12, 13]]
trying all of [1, 2, 7]
bonding 1 and 2 (C-C)
C0C1C2C3H4H5H6H7H8H9H10H11H12H13 { 0-4(1) 0-5(1) 0-6(1) 0-1(1) 1-2(1) }  is canonical?false
bonding 1 and 7 (C-H)
C0C1C2C3H4H5H6H7H8H9H10H11H12H13 { 0-4(1) 0-5(1) 0-6(1) 0-1(1) 1-7(1) }  is canonical?true
passed all tests
saturating atom 1 in C0C1C2C3H4H5H6H7H8H9H10H11H12H13 { 0-4(1) 0-5(1) 0-6(1) 0-1(1) 1-7(1) } 
Orbits : [[C]([C]([H])[H][H][H]) [0], [C]([C]([H][H][H])[H]) [1], [C] [2, 3], [H]([C]([C]([H])[H][H])) [4, 5, 6], [H]([C]([C]([H][H][H]))) [7], [H] [8, 9, 10, 11, 12, 13]]
trying all of [1, 2, 8]
bonding 1 and 2 (C-C)
C0C1C2C3H4H5H6H7H8H9H10H11H12H13 { 0-4(1) 0-5(1) 0-6(1) 0-1(1) 1-7(1) 1-2(1) }  is canonical?false
bonding 1 and 8 (C-H)
C0C1C2C3H4H5H6H7H8H9H10H11H12H13 { 0-4(1) 0-5(1) 0-6(1) 0-1(1) 1-7(1) 1-8(1) }  is canonical?true
passed all tests
saturating atom 1 in C0C1C2C3H4H5H6H7H8H9H10H11H12H13 { 0-4(1) 0-5(1) 0-6(1) 0-1(1) 1-7(1) 1-8(1) } 
Orbits : [[C]([C]([H][H])[H][H][H]) [0], [C]([C]([H][H][H])[H][H]) [1], [C] [2, 3], [H]([C]([C]([H][H])[H][H])) [4, 5, 6], [H]([C]([C]([H][H][H])[H])) [7, 8], [H] [9, 10, 11, 12, 13]]
trying all of [1, 2, 9]
bonding 1 and 2 (C-C)
C0C1C2C3H4H5H6H7H8H9H10H11H12H13 { 0-4(1) 0-5(1) 0-6(1) 0-1(1) 1-7(1) 1-8(1) 1-2(1) }  is canonical?false
bonding 1 and 9 (C-H)
C0C1C2C3H4H5H6H7H8H9H10H11H12H13 { 0-4(1) 0-5(1) 0-6(1) 0-1(1) 1-7(1) 1-8(1) 1-9(1) }  is canonical?true
passed all tests
saturating atom 1 in C0C1C2C3H4H5H6H7H8H9H10H11H12H13 { 0-4(1) 0-5(1) 0-6(1) 0-1(1) 1-7(1) 1-8(1) 1-9(1) } 
1 is already saturated
Saturating orbit : [C]([C]([H][H][H])) []
orbit empty
Saturating orbit : [C] [2, 3]
first atom 2
saturating atom 2 in C0C1C2C3H4H5H6H7H8H9H10H11H12H13 { 0-4(1) 0-5(1) 0-6(1) 0-1(1) 1-7(1) 1-8(1) 1-9(1) } 
Orbits : [[C]([C]([H][H][H])[H][H][H]) [0, 1], [C] [2, 3], [H]([C]([C]([H][H][H])[H][H])) [4, 5, 6, 7, 8, 9], [H] [10, 11, 12, 13]]
trying all of [2, 10]
bonding 2 and 10 (C-H)
C0C1C2C3H4H5H6H7H8H9H10H11H12H13 { 0-4(1) 0-5(1) 0-6(1) 0-1(1) 1-7(1) 1-8(1) 1-9(1) 2-10(1) }  is canonical?false
Saturating orbit : [C] [1, 2, 3]
first atom 1
saturating atom 1 in C0C1C2C3H4H5H6H7H8H9H10H11H12H13 { 0-4(1) 0-5(1) 0-6(1) 0-7(1) } 
Orbits : [[C]([H][H][H][H]) [0], [C] [1, 2, 3], [H]([C]([H][H][H])) [4, 5, 6, 7], [H] [8, 9, 10, 11, 12, 13]]
trying all of [1, 8]
bonding 1 and 8 (C-H)
C0C1C2C3H4H5H6H7H8H9H10H11H12H13 { 0-4(1) 0-5(1) 0-6(1) 0-7(1) 1-8(1) }  is canonical?false
